[ 2017-08-11T09:52:20+08:00 ] ::1 /Onethink/index.php?s=/Admin/Public/login.html
INFO: [ view_parse ] --START--
INFO: [ template_filter ] --START--
INFO: Run Behavior\ContentReplace [ RunTime:0.000054s ]
INFO: [ template_filter ] --END-- [ RunTime:0.000100s ]
INFO: Run Behavior\ParseTemplate [ RunTime:0.032466s ]
INFO: [ view_parse ] --END-- [ RunTime:0.032717s ]
INFO: [ view_filter ] --START--
INFO: Run Behavior\WriteHtmlCache [ RunTime:0.000238s ]
INFO: [ view_filter ] --END-- [ RunTime:0.000267s ]
INFO: [ app_end ] --START--
INFO: Run Behavior\ShowPageTrace [ RunTime:0.000408s ]
INFO: [ app_end ] --END-- [ RunTime:0.000438s ]

[ 2017-08-11T09:52:33+08:00 ] ::1 /Onethink/index.php?s=/Admin/Public/login.html
INFO: [ app_begin ] --START--
INFO: Run Behavior\ReadHtmlCache [ RunTime:0.000327s ]
INFO: [ app_begin ] --END-- [ RunTime:0.000559s ]
SQL: SHOW COLUMNS FROM `onethink_ucenter_member` [ RunTime:0.074627s ]
SQL: SELECT * FROM `onethink_ucenter_member` WHERE ( `username` = 'zhaoshijin' ) LIMIT 1   [ RunTime:0.002266s ]
SQL: UPDATE `onethink_ucenter_member` SET `last_login_time`=1502416353,`last_login_ip`=0 WHERE ( `id` = 1 ) [ RunTime:0.002662s ]
SQL: SHOW COLUMNS FROM `onethink_member` [ RunTime:0.016270s ]
SQL: SELECT `uid`,`nickname`,`sex`,`birthday`,`qq`,`score`,`login`,`reg_ip`,`reg_time`,`last_login_ip`,`last_login_time`,`status` FROM `onethink_member` WHERE ( `uid` = 1 ) LIMIT 1   [ RunTime:0.002332s ]
SQL: SHOW COLUMNS FROM `onethink_action` [ RunTime:0.044090s ]
SQL: SELECT * FROM `onethink_action` WHERE ( `name` = 'user_login' ) LIMIT 1   [ RunTime:0.001415s ]
SQL: SHOW COLUMNS FROM `onethink_action_log` [ RunTime:0.012373s ]
SQL: INSERT INTO `onethink_action_log` (`action_id`,`user_id`,`action_ip`,`model`,`record_id`,`create_time`,`remark`) VALUES (1,1,0,'member',1,1502416353,'zhaoshijin在2017-08-11 09:52登录了后台') [ RunTime:0.022975s ]
SQL: SELECT * FROM `onethink_action` WHERE ( `name` = 'user_login' ) LIMIT 1   [ RunTime:0.001229s ]
NOTIC: [8] Undefined offset: 1 D:\phpStudy\WWW\Onethink\Application\Common\Common\function.php 第 665 行.
NOTIC: [2] array_key_exists() expects parameter 2 to be array, null given D:\phpStudy\WWW\Onethink\Application\Common\Common\function.php 第 665 行.
SQL: SELECT COUNT(*) AS tp_count FROM `onethink_action_log` WHERE ( `action_id` = 1 ) AND ( `user_id` = 1 ) AND ( `create_time` > 1502329953 ) LIMIT 1   [ RunTime:0.002042s ]
SQL: UPDATE `onethink_member` SET `login`=`login`+1,`last_login_time`=1502416353,`last_login_ip`=0 WHERE ( `uid` = 1 ) [ RunTime:0.001339s ]

[ 2017-08-11T09:52:34+08:00 ] ::1 /Onethink/index.php?s=/Admin/Index/index.html
SQL: SHOW COLUMNS FROM `onethink_menu` [ RunTime:0.005896s ]
SQL: SELECT * FROM `onethink_menu` WHERE ( `pid` = 0 ) AND ( `hide` = 0 ) ORDER BY sort asc  [ RunTime:0.000830s ]
SQL: SELECT `id` FROM `onethink_menu` WHERE ( url like '%Index/index%' ) LIMIT 1   [ RunTime:0.000469s ]
SQL: SHOW COLUMNS FROM `onethink_menu` [ RunTime:0.003949s ]
SQL: SELECT `id`,`pid`,`title` FROM `onethink_menu` WHERE ( id=1 ) LIMIT 1   [ RunTime:0.000612s ]
SQL: SELECT DISTINCT  `group` FROM `onethink_menu` WHERE ( pid = 1 )  [ RunTime:0.000613s ]
SQL: SELECT `id`,`url` FROM `onethink_menu` WHERE ( `pid` = 1 ) AND ( `hide` = 0 )  [ RunTime:0.000434s ]
INFO: [ view_parse ] --START--
INFO: [ template_filter ] --START--
INFO: Run Behavior\ContentReplace [ RunTime:0.000121s ]
INFO: [ template_filter ] --END-- [ RunTime:0.000166s ]
INFO: [ AdminIndex ] --START--
SQL: SHOW COLUMNS FROM `onethink_addons` [ RunTime:0.023817s ]
SQL: SELECT `config` FROM `onethink_addons` WHERE ( `name` = 'SiteStat' ) AND ( `status` = 1 ) LIMIT 1   [ RunTime:0.000698s ]
SQL: SHOW COLUMNS FROM `onethink_member` [ RunTime:0.004100s ]
SQL: SELECT COUNT(*) AS tp_count FROM `onethink_member` LIMIT 1   [ RunTime:0.000485s ]
SQL: SHOW COLUMNS FROM `onethink_action_log` [ RunTime:0.003903s ]
SQL: SELECT COUNT(*) AS tp_count FROM `onethink_action_log` LIMIT 1   [ RunTime:0.000476s ]
SQL: SHOW COLUMNS FROM `onethink_document` [ RunTime:0.005632s ]
SQL: SELECT COUNT(*) AS tp_count FROM `onethink_document` LIMIT 1   [ RunTime:0.000606s ]
SQL: SHOW COLUMNS FROM `onethink_category` [ RunTime:0.005700s ]
SQL: SELECT COUNT(*) AS tp_count FROM `onethink_category` LIMIT 1   [ RunTime:0.000477s ]
SQL: SHOW COLUMNS FROM `onethink_model` [ RunTime:0.004830s ]
SQL: SELECT COUNT(*) AS tp_count FROM `onethink_model` LIMIT 1   [ RunTime:0.000516s ]
INFO: [ view_parse ] --START--
INFO: [ template_filter ] --START--
INFO: Run Behavior\ContentReplace [ RunTime:0.000022s ]
INFO: [ template_filter ] --END-- [ RunTime:-0.056612s ]
INFO: Run Behavior\ParseTemplate [ RunTime:0.001689s ]
INFO: [ view_parse ] --END-- [ RunTime:0.001735s ]
INFO: [ view_filter ] --START--
INFO: Run Behavior\WriteHtmlCache [ RunTime:0.000199s ]
INFO: [ view_filter ] --END-- [ RunTime:0.000224s ]
INFO: Run SiteStat [ RunTime:0.056148s ]
SQL: SELECT `config` FROM `onethink_addons` WHERE ( `name` = 'SystemInfo' ) AND ( `status` = 1 ) LIMIT 1   [ RunTime:0.000863s ]
INFO: [ view_parse ] --START--
INFO: [ template_filter ] --START--
INFO: Run Behavior\ContentReplace [ RunTime:0.000107s ]
INFO: [ template_filter ] --END-- [ RunTime:-0.320285s ]
SQL: select version() as v; [ RunTime:0.001870s ]
INFO: Run Behavior\ParseTemplate [ RunTime:0.012509s ]
INFO: [ view_parse ] --END-- [ RunTime:-0.256417s ]
INFO: [ view_filter ] --START--
INFO: Run Behavior\WriteHtmlCache [ RunTime:0.000026s ]
INFO: [ view_filter ] --END-- [ RunTime:-0.269013s ]
INFO: Run SystemInfo [ RunTime:0.269144s ]
SQL: SELECT `config` FROM `onethink_addons` WHERE ( `name` = 'DevTeam' ) AND ( `status` = 1 ) LIMIT 1   [ RunTime:0.002054s ]
INFO: [ view_parse ] --START--
INFO: [ template_filter ] --START--
INFO: Run Behavior\ContentReplace [ RunTime:0.000095s ]
INFO: [ template_filter ] --END-- [ RunTime:-0.335615s ]
INFO: Run Behavior\ParseTemplate [ RunTime:0.006472s ]
INFO: [ view_parse ] --END-- [ RunTime:-0.274595s ]
INFO: [ view_filter ] --START--
INFO: Run Behavior\WriteHtmlCache [ RunTime:0.000024s ]
INFO: [ view_filter ] --END-- [ RunTime:-0.281020s ]
INFO: Run DevTeam [ RunTime:0.011962s ]
INFO: [ AdminIndex ] --END-- [ RunTime:0.337368s ]
INFO: Run Behavior\ParseTemplate [ RunTime:0.006906s ]
INFO: [ view_parse ] --END-- [ RunTime:-0.274595s ]
INFO: [ view_filter ] --START--
INFO: Run Behavior\WriteHtmlCache [ RunTime:0.000030s ]
INFO: [ view_filter ] --END-- [ RunTime:-0.281396s ]
INFO: [ app_end ] --START--
INFO: Run Behavior\ShowPageTrace [ RunTime:0.001825s ]
INFO: [ app_end ] --END-- [ RunTime:0.001992s ]

[ 2017-08-11T09:52:36+08:00 ] ::1 /Onethink/index.php?s=/Admin/Repair/index.html
SQL: SHOW COLUMNS FROM `onethink_menu` [ RunTime:0.004575s ]
SQL: SELECT * FROM `onethink_menu` WHERE ( `pid` = 0 ) AND ( `hide` = 0 ) ORDER BY sort asc  [ RunTime:0.000707s ]
SQL: SELECT `id` FROM `onethink_menu` WHERE ( url like '%Repair/index%' ) LIMIT 1   [ RunTime:0.000618s ]
SQL: SHOW COLUMNS FROM `onethink_menu` [ RunTime:0.003661s ]
SQL: SELECT `id`,`pid`,`title` FROM `onethink_menu` WHERE ( id=122 ) LIMIT 1   [ RunTime:0.000933s ]
SQL: SELECT DISTINCT  `group` FROM `onethink_menu` WHERE ( pid = 122 )  [ RunTime:0.000684s ]
SQL: SELECT `id`,`url` FROM `onethink_menu` WHERE ( `pid` = 122 ) AND ( `hide` = 0 )  [ RunTime:0.000404s ]
SQL: SELECT `id`,`pid`,`title`,`url`,`tip` FROM `onethink_menu` WHERE ( `group` = '物业管理' ) AND ( `pid` = 122 ) AND ( `hide` = 0 ) ORDER BY sort asc  [ RunTime:0.000477s ]
SQL: SHOW COLUMNS FROM `onethink_repairs` [ RunTime:0.156609s ]
SQL: SELECT COUNT(*) AS tp_count FROM `onethink_repairs` WHERE ( `status` >= 0 ) AND ( `name` LIKE '%%' ) LIMIT 1   [ RunTime:0.002522s ]
SQL: SELECT `id`,`sn`,`name`,`tel`,`address`,`title`,`content`,`time`,`status` FROM `onethink_repairs` WHERE ( `status` >= 0 ) AND ( `name` LIKE '%%' ) ORDER BY id desc LIMIT 0,10   [ RunTime:0.005636s ]
INFO: [ view_parse ] --START--
INFO: [ template_filter ] --START--
INFO: Run Behavior\ContentReplace [ RunTime:0.000221s ]
INFO: [ template_filter ] --END-- [ RunTime:0.000287s ]
INFO: Run Behavior\ParseTemplate [ RunTime:0.027879s ]
INFO: [ view_parse ] --END-- [ RunTime:0.028065s ]
INFO: [ view_filter ] --START--
INFO: Run Behavior\WriteHtmlCache [ RunTime:0.000358s ]
INFO: [ view_filter ] --END-- [ RunTime:0.000454s ]
INFO: [ app_end ] --START--
INFO: Run Behavior\ShowPageTrace [ RunTime:0.000757s ]
INFO: [ app_end ] --END-- [ RunTime:0.000818s ]

[ 2017-08-11T09:52:37+08:00 ] ::1 /Onethink/index.php?s=/Admin/Index/index.html
SQL: SHOW COLUMNS FROM `onethink_menu` [ RunTime:0.045152s ]
SQL: SELECT * FROM `onethink_menu` WHERE ( `pid` = 0 ) AND ( `hide` = 0 ) ORDER BY sort asc  [ RunTime:0.001122s ]
SQL: SELECT `id` FROM `onethink_menu` WHERE ( url like '%Index/index%' ) LIMIT 1   [ RunTime:0.000613s ]
SQL: SHOW COLUMNS FROM `onethink_menu` [ RunTime:0.007670s ]
SQL: SELECT `id`,`pid`,`title` FROM `onethink_menu` WHERE ( id=1 ) LIMIT 1   [ RunTime:0.001245s ]
SQL: SELECT DISTINCT  `group` FROM `onethink_menu` WHERE ( pid = 1 )  [ RunTime:0.001409s ]
SQL: SELECT `id`,`url` FROM `onethink_menu` WHERE ( `pid` = 1 ) AND ( `hide` = 0 )  [ RunTime:0.001143s ]
INFO: [ view_parse ] --START--
INFO: [ template_filter ] --START--
INFO: Run Behavior\ContentReplace [ RunTime:0.000229s ]
INFO: [ template_filter ] --END-- [ RunTime:0.000314s ]
INFO: [ AdminIndex ] --START--
SQL: SHOW COLUMNS FROM `onethink_addons` [ RunTime:0.005479s ]
SQL: SELECT `config` FROM `onethink_addons` WHERE ( `name` = 'SiteStat' ) AND ( `status` = 1 ) LIMIT 1   [ RunTime:0.000841s ]
SQL: SHOW COLUMNS FROM `onethink_member` [ RunTime:0.005938s ]
SQL: SELECT COUNT(*) AS tp_count FROM `onethink_member` LIMIT 1   [ RunTime:0.000820s ]
SQL: SHOW COLUMNS FROM `onethink_action_log` [ RunTime:0.005840s ]
SQL: SELECT COUNT(*) AS tp_count FROM `onethink_action_log` LIMIT 1   [ RunTime:0.000756s ]
SQL: SHOW COLUMNS FROM `onethink_document` [ RunTime:0.005762s ]
SQL: SELECT COUNT(*) AS tp_count FROM `onethink_document` LIMIT 1   [ RunTime:0.000664s ]
SQL: SHOW COLUMNS FROM `onethink_category` [ RunTime:0.005810s ]
SQL: SELECT COUNT(*) AS tp_count FROM `onethink_category` LIMIT 1   [ RunTime:0.000703s ]
SQL: SHOW COLUMNS FROM `onethink_model` [ RunTime:0.005921s ]
SQL: SELECT COUNT(*) AS tp_count FROM `onethink_model` LIMIT 1   [ RunTime:0.000824s ]
INFO: [ view_parse ] --START--
INFO: [ template_filter ] --START--
INFO: Run Behavior\ContentReplace [ RunTime:0.000036s ]
INFO: [ template_filter ] --END-- [ RunTime:-0.048665s ]
INFO: Run Behavior\ParseTemplate [ RunTime:0.002722s ]
INFO: [ view_parse ] --END-- [ RunTime:0.002802s ]
INFO: [ view_filter ] --START--
INFO: Run Behavior\WriteHtmlCache [ RunTime:0.000252s ]
INFO: [ view_filter ] --END-- [ RunTime:0.000307s ]
INFO: Run SiteStat [ RunTime:0.046875s ]
SQL: SELECT `config` FROM `onethink_addons` WHERE ( `name` = 'SystemInfo' ) AND ( `status` = 1 ) LIMIT 1   [ RunTime:0.000872s ]
INFO: [ view_parse ] --START--
INFO: [ template_filter ] --START--
INFO: Run Behavior\ContentReplace [ RunTime:0.000085s ]
INFO: [ template_filter ] --END-- [ RunTime:-0.160864s ]
SQL: select version() as v; [ RunTime:0.001539s ]
INFO: Run Behavior\ParseTemplate [ RunTime:0.008006s ]
INFO: [ view_parse ] --END-- [ RunTime:-0.107531s ]
INFO: [ view_filter ] --START--
INFO: Run Behavior\WriteHtmlCache [ RunTime:0.000019s ]
INFO: [ view_filter ] --END-- [ RunTime:-0.115353s ]
INFO: Run SystemInfo [ RunTime:0.115405s ]
SQL: SELECT `config` FROM `onethink_addons` WHERE ( `name` = 'DevTeam' ) AND ( `status` = 1 ) LIMIT 1   [ RunTime:0.001703s ]
INFO: [ view_parse ] --START--
INFO: [ template_filter ] --START--
INFO: Run Behavior\ContentReplace [ RunTime:0.000079s ]
INFO: [ template_filter ] --END-- [ RunTime:-0.174121s ]
INFO: Run Behavior\ParseTemplate [ RunTime:0.006623s ]
INFO: [ view_parse ] --END-- [ RunTime:-0.119918s ]
INFO: [ view_filter ] --START--
INFO: Run Behavior\WriteHtmlCache [ RunTime:0.000020s ]
INFO: [ view_filter ] --END-- [ RunTime:-0.126395s ]
INFO: Run DevTeam [ RunTime:0.011023s ]
INFO: [ AdminIndex ] --END-- [ RunTime:0.173484s ]
INFO: Run Behavior\ParseTemplate [ RunTime:0.006983s ]
INFO: [ view_parse ] --END-- [ RunTime:-0.119918s ]
INFO: [ view_filter ] --START--
INFO: Run Behavior\WriteHtmlCache [ RunTime:0.000015s ]
INFO: [ view_filter ] --END-- [ RunTime:-0.126706s ]
INFO: [ app_end ] --START--
INFO: Run Behavior\ShowPageTrace [ RunTime:0.001256s ]
INFO: [ app_end ] --END-- [ RunTime:0.001476s ]

[ 2017-08-11T09:52:38+08:00 ] ::1 /Onethink/index.php?s=/Admin/Repair/index.html
SQL: SHOW COLUMNS FROM `onethink_menu` [ RunTime:0.022269s ]
SQL: SELECT * FROM `onethink_menu` WHERE ( `pid` = 0 ) AND ( `hide` = 0 ) ORDER BY sort asc  [ RunTime:0.000667s ]
SQL: SELECT `id` FROM `onethink_menu` WHERE ( url like '%Repair/index%' ) LIMIT 1   [ RunTime:0.000616s ]
SQL: SHOW COLUMNS FROM `onethink_menu` [ RunTime:0.004086s ]
SQL: SELECT `id`,`pid`,`title` FROM `onethink_menu` WHERE ( id=122 ) LIMIT 1   [ RunTime:0.000956s ]
SQL: SELECT DISTINCT  `group` FROM `onethink_menu` WHERE ( pid = 122 )  [ RunTime:0.000958s ]
SQL: SELECT `id`,`url` FROM `onethink_menu` WHERE ( `pid` = 122 ) AND ( `hide` = 0 )  [ RunTime:0.000734s ]
SQL: SELECT `id`,`pid`,`title`,`url`,`tip` FROM `onethink_menu` WHERE ( `group` = '物业管理' ) AND ( `pid` = 122 ) AND ( `hide` = 0 ) ORDER BY sort asc  [ RunTime:0.000904s ]
SQL: SHOW COLUMNS FROM `onethink_repairs` [ RunTime:0.004221s ]
SQL: SELECT COUNT(*) AS tp_count FROM `onethink_repairs` WHERE ( `status` >= 0 ) AND ( `name` LIKE '%%' ) LIMIT 1   [ RunTime:0.000736s ]
SQL: SELECT `id`,`sn`,`name`,`tel`,`address`,`title`,`content`,`time`,`status` FROM `onethink_repairs` WHERE ( `status` >= 0 ) AND ( `name` LIKE '%%' ) ORDER BY id desc LIMIT 0,10   [ RunTime:0.000651s ]
INFO: [ view_parse ] --START--
INFO: [ template_filter ] --START--
INFO: Run Behavior\ContentReplace [ RunTime:0.000123s ]
INFO: [ template_filter ] --END-- [ RunTime:0.000158s ]
INFO: Run Behavior\ParseTemplate [ RunTime:0.009601s ]
INFO: [ view_parse ] --END-- [ RunTime:0.009647s ]
INFO: [ view_filter ] --START--
INFO: Run Behavior\WriteHtmlCache [ RunTime:0.000168s ]
INFO: [ view_filter ] --END-- [ RunTime:0.000207s ]
INFO: [ app_end ] --START--
INFO: Run Behavior\ShowPageTrace [ RunTime:0.000503s ]
INFO: [ app_end ] --END-- [ RunTime:0.000540s ]

[ 2017-08-11T10:06:11+08:00 ] ::1 /Onethink/index.php?s=/Admin/Repair/add.html
SQL: SHOW COLUMNS FROM `onethink_menu` [ RunTime:0.022183s ]
SQL: SELECT * FROM `onethink_menu` WHERE ( `pid` = 0 ) AND ( `hide` = 0 ) ORDER BY sort asc  [ RunTime:0.001167s ]
SQL: SELECT `id` FROM `onethink_menu` WHERE ( url like '%Repair/add%' ) LIMIT 1   [ RunTime:0.001031s ]
SQL: SHOW COLUMNS FROM `onethink_menu` [ RunTime:0.003985s ]
SQL: SELECT `id`,`pid`,`title` FROM `onethink_menu` WHERE ( id=124 ) LIMIT 1   [ RunTime:0.000560s ]
SQL: SELECT `id`,`pid`,`title` FROM `onethink_menu` WHERE ( id=123 ) LIMIT 1   [ RunTime:0.000445s ]
SQL: SELECT `id`,`pid`,`title` FROM `onethink_menu` WHERE ( id=122 ) LIMIT 1   [ RunTime:0.000538s ]
SQL: SELECT DISTINCT  `group` FROM `onethink_menu` WHERE ( pid = 122 )  [ RunTime:0.000735s ]
SQL: SELECT `id`,`url` FROM `onethink_menu` WHERE ( `pid` = 122 ) AND ( `hide` = 0 )  [ RunTime:0.000591s ]
SQL: SELECT `id`,`pid`,`title`,`url`,`tip` FROM `onethink_menu` WHERE ( `group` = '物业管理' ) AND ( `pid` = 122 ) AND ( `hide` = 0 ) ORDER BY sort asc  [ RunTime:0.000629s ]
INFO: [ view_parse ] --START--
INFO: [ template_filter ] --START--
INFO: Run Behavior\ContentReplace [ RunTime:0.000182s ]
INFO: [ template_filter ] --END-- [ RunTime:0.000260s ]
NOTIC: [8] Use of undefined constant time_format - assumed 'time_format' D:\phpStudy\WWW\Onethink\Runtime\Cache\Admin\d61c27ae953eaf2a8ea52c805269e93b.php 第 123 行.
NOTIC: [8] Use of undefined constant time_format - assumed 'time_format' D:\phpStudy\WWW\Onethink\Runtime\Cache\Admin\d61c27ae953eaf2a8ea52c805269e93b.php 第 124 行.
INFO: Run Behavior\ParseTemplate [ RunTime:0.017471s ]
INFO: [ view_parse ] --END-- [ RunTime:0.017522s ]
INFO: [ view_filter ] --START--
INFO: Run Behavior\WriteHtmlCache [ RunTime:0.000279s ]
INFO: [ view_filter ] --END-- [ RunTime:0.000308s ]
INFO: [ app_end ] --START--
INFO: Run Behavior\ShowPageTrace [ RunTime:0.000491s ]
INFO: [ app_end ] --END-- [ RunTime:0.000526s ]

[ 2017-08-11T10:06:12+08:00 ] ::1 /Onethink/index.php?s=/Admin/Repair/add.html
INFO: [ app_begin ] --START--
INFO: Run Behavior\ReadHtmlCache [ RunTime:0.000344s ]
INFO: [ app_begin ] --END-- [ RunTime:0.000611s ]
NOTIC: [2048] Declaration of Admin\Controller\RepairController::delete() should be compatible with Admin\Controller\AdminController::delete($model, $where = Array, $msg = Array) D:\phpStudy\WWW\Onethink\Application\Admin\Controller\RepairController.class.php 第 13 行.
SQL: SHOW COLUMNS FROM `onethink_menu` [ RunTime:0.003981s ]
SQL: SELECT * FROM `onethink_menu` WHERE ( `pid` = 0 ) AND ( `hide` = 0 ) ORDER BY sort asc  [ RunTime:0.000960s ]
SQL: SELECT `id` FROM `onethink_menu` WHERE ( url like '%Repair/add%' ) LIMIT 1   [ RunTime:0.000605s ]
SQL: SHOW COLUMNS FROM `onethink_menu` [ RunTime:0.004216s ]
SQL: SELECT `id`,`pid`,`title` FROM `onethink_menu` WHERE ( id=124 ) LIMIT 1   [ RunTime:0.000727s ]
SQL: SELECT `id`,`pid`,`title` FROM `onethink_menu` WHERE ( id=123 ) LIMIT 1   [ RunTime:0.000478s ]
SQL: SELECT `id`,`pid`,`title` FROM `onethink_menu` WHERE ( id=122 ) LIMIT 1   [ RunTime:0.000471s ]
SQL: SELECT DISTINCT  `group` FROM `onethink_menu` WHERE ( pid = 122 )  [ RunTime:0.000654s ]
SQL: SELECT `id`,`url` FROM `onethink_menu` WHERE ( `pid` = 122 ) AND ( `hide` = 0 )  [ RunTime:0.000482s ]
SQL: SELECT `id`,`pid`,`title`,`url`,`tip` FROM `onethink_menu` WHERE ( `group` = '物业管理' ) AND ( `pid` = 122 ) AND ( `hide` = 0 ) ORDER BY sort asc  [ RunTime:0.000452s ]
SQL: SHOW COLUMNS FROM `onethink_repairs` [ RunTime:0.003507s ]
SQL: INSERT INTO `onethink_repairs` (`name`,`tel`,`address`,`title`,`content`,`sn`,`time`,`status`,`id`) VALUES ('','','','','','bx1502417171',1502417171,0,0) [ RunTime:0.046953s ]

[ 2017-08-11T10:06:14+08:00 ] ::1 /Onethink/index.php?s=/Admin/Repair/index.html
SQL: SHOW COLUMNS FROM `onethink_menu` [ RunTime:0.005567s ]
SQL: SELECT * FROM `onethink_menu` WHERE ( `pid` = 0 ) AND ( `hide` = 0 ) ORDER BY sort asc  [ RunTime:0.001111s ]
SQL: SELECT `id` FROM `onethink_menu` WHERE ( url like '%Repair/index%' ) LIMIT 1   [ RunTime:0.000815s ]
SQL: SHOW COLUMNS FROM `onethink_menu` [ RunTime:0.006058s ]
SQL: SELECT `id`,`pid`,`title` FROM `onethink_menu` WHERE ( id=122 ) LIMIT 1   [ RunTime:0.000893s ]
SQL: SELECT DISTINCT  `group` FROM `onethink_menu` WHERE ( pid = 122 )  [ RunTime:0.000961s ]
SQL: SELECT `id`,`url` FROM `onethink_menu` WHERE ( `pid` = 122 ) AND ( `hide` = 0 )  [ RunTime:0.000788s ]
SQL: SELECT `id`,`pid`,`title`,`url`,`tip` FROM `onethink_menu` WHERE ( `group` = '物业管理' ) AND ( `pid` = 122 ) AND ( `hide` = 0 ) ORDER BY sort asc  [ RunTime:0.000745s ]
SQL: SHOW COLUMNS FROM `onethink_repairs` [ RunTime:0.005263s ]
SQL: SELECT COUNT(*) AS tp_count FROM `onethink_repairs` WHERE ( `status` >= 0 ) AND ( `name` LIKE '%%' ) LIMIT 1   [ RunTime:0.000864s ]
SQL: SELECT `id`,`sn`,`name`,`tel`,`address`,`title`,`content`,`time`,`status` FROM `onethink_repairs` WHERE ( `status` >= 0 ) AND ( `name` LIKE '%%' ) ORDER BY id desc LIMIT 0,10   [ RunTime:0.001003s ]
INFO: [ view_parse ] --START--
INFO: [ template_filter ] --START--
INFO: Run Behavior\ContentReplace [ RunTime:0.000203s ]
INFO: [ template_filter ] --END-- [ RunTime:0.000267s ]
INFO: Run Behavior\ParseTemplate [ RunTime:0.015422s ]
INFO: [ view_parse ] --END-- [ RunTime:0.015528s ]
INFO: [ view_filter ] --START--
INFO: Run Behavior\WriteHtmlCache [ RunTime:0.000374s ]
INFO: [ view_filter ] --END-- [ RunTime:0.000454s ]
INFO: [ app_end ] --START--
INFO: Run Behavior\ShowPageTrace [ RunTime:0.000758s ]
INFO: [ app_end ] --END-- [ RunTime:0.000857s ]

[ 2017-08-11T10:06:19+08:00 ] ::1 /Onethink/index.php?s=/Admin/Repair/delete/id/18.html
INFO: [ app_begin ] --START--
INFO: Run Behavior\ReadHtmlCache [ RunTime:0.000339s ]
INFO: [ app_begin ] --END-- [ RunTime:0.000610s ]
NOTIC: [2048] Declaration of Admin\Controller\RepairController::delete() should be compatible with Admin\Controller\AdminController::delete($model, $where = Array, $msg = Array) D:\phpStudy\WWW\Onethink\Application\Admin\Controller\RepairController.class.php 第 13 行.
SQL: SHOW COLUMNS FROM `onethink_menu` [ RunTime:0.004170s ]
SQL: SELECT * FROM `onethink_menu` WHERE ( `pid` = 0 ) AND ( `hide` = 0 ) ORDER BY sort asc  [ RunTime:0.000981s ]
SQL: SELECT `id` FROM `onethink_menu` WHERE ( url like '%Repair/delete%' ) LIMIT 1   [ RunTime:0.000752s ]
SQL: SHOW COLUMNS FROM `onethink_menu` [ RunTime:0.004900s ]
SQL: SELECT `id`,`pid`,`title` FROM `onethink_menu` WHERE ( id=126 ) LIMIT 1   [ RunTime:0.000479s ]
SQL: SELECT `id`,`pid`,`title` FROM `onethink_menu` WHERE ( id=123 ) LIMIT 1   [ RunTime:0.000458s ]
SQL: SELECT `id`,`pid`,`title` FROM `onethink_menu` WHERE ( id=122 ) LIMIT 1   [ RunTime:0.000443s ]
SQL: SELECT DISTINCT  `group` FROM `onethink_menu` WHERE ( pid = 122 )  [ RunTime:0.000658s ]
SQL: SELECT `id`,`url` FROM `onethink_menu` WHERE ( `pid` = 122 ) AND ( `hide` = 0 )  [ RunTime:0.000501s ]
SQL: SELECT `id`,`pid`,`title`,`url`,`tip` FROM `onethink_menu` WHERE ( `group` = '物业管理' ) AND ( `pid` = 122 ) AND ( `hide` = 0 ) ORDER BY sort asc  [ RunTime:0.000537s ]
SQL: SHOW COLUMNS FROM `onethink_repairs` [ RunTime:0.003724s ]
SQL: DELETE FROM `onethink_repairs` WHERE ( `id` IN ('18') ) [ RunTime:0.048404s ]
SQL: SHOW COLUMNS FROM `onethink_action` [ RunTime:0.011212s ]
SQL: SELECT * FROM `onethink_action` WHERE ( `name` = 'update_repair' ) LIMIT 1   [ RunTime:0.001532s ]

[ 2017-08-11T10:06:21+08:00 ] ::1 /Onethink/index.php?s=/Admin/Repair/index.html
SQL: SHOW COLUMNS FROM `onethink_menu` [ RunTime:0.005486s ]
SQL: SELECT * FROM `onethink_menu` WHERE ( `pid` = 0 ) AND ( `hide` = 0 ) ORDER BY sort asc  [ RunTime:0.000834s ]
SQL: SELECT `id` FROM `onethink_menu` WHERE ( url like '%Repair/index%' ) LIMIT 1   [ RunTime:0.000600s ]
SQL: SHOW COLUMNS FROM `onethink_menu` [ RunTime:0.003952s ]
SQL: SELECT `id`,`pid`,`title` FROM `onethink_menu` WHERE ( id=122 ) LIMIT 1   [ RunTime:0.000575s ]
SQL: SELECT DISTINCT  `group` FROM `onethink_menu` WHERE ( pid = 122 )  [ RunTime:0.000729s ]
SQL: SELECT `id`,`url` FROM `onethink_menu` WHERE ( `pid` = 122 ) AND ( `hide` = 0 )  [ RunTime:0.000585s ]
SQL: SELECT `id`,`pid`,`title`,`url`,`tip` FROM `onethink_menu` WHERE ( `group` = '物业管理' ) AND ( `pid` = 122 ) AND ( `hide` = 0 ) ORDER BY sort asc  [ RunTime:0.000546s ]
SQL: SHOW COLUMNS FROM `onethink_repairs` [ RunTime:0.004018s ]
SQL: SELECT COUNT(*) AS tp_count FROM `onethink_repairs` WHERE ( `status` >= 0 ) AND ( `name` LIKE '%%' ) LIMIT 1   [ RunTime:0.000636s ]
SQL: SELECT `id`,`sn`,`name`,`tel`,`address`,`title`,`content`,`time`,`status` FROM `onethink_repairs` WHERE ( `status` >= 0 ) AND ( `name` LIKE '%%' ) ORDER BY id desc LIMIT 0,10   [ RunTime:0.000599s ]
INFO: [ view_parse ] --START--
INFO: [ template_filter ] --START--
INFO: Run Behavior\ContentReplace [ RunTime:0.000126s ]
INFO: [ template_filter ] --END-- [ RunTime:0.000168s ]
INFO: Run Behavior\ParseTemplate [ RunTime:0.009842s ]
INFO: [ view_parse ] --END-- [ RunTime:0.009898s ]
INFO: [ view_filter ] --START--
INFO: Run Behavior\WriteHtmlCache [ RunTime:0.000180s ]
INFO: [ view_filter ] --END-- [ RunTime:0.000208s ]
INFO: [ app_end ] --START--
INFO: Run Behavior\ShowPageTrace [ RunTime:0.000433s ]
INFO: [ app_end ] --END-- [ RunTime:0.000475s ]

[ 2017-08-11T10:07:19+08:00 ] ::1 /Onethink/index.php?s=/Admin/Repair/edit/id/17.html
SQL: SHOW COLUMNS FROM `onethink_menu` [ RunTime:0.005019s ]
SQL: SELECT * FROM `onethink_menu` WHERE ( `pid` = 0 ) AND ( `hide` = 0 ) ORDER BY sort asc  [ RunTime:0.001034s ]
SQL: SELECT `id` FROM `onethink_menu` WHERE ( url like '%Repair/edit%' ) LIMIT 1   [ RunTime:0.001186s ]
SQL: SHOW COLUMNS FROM `onethink_menu` [ RunTime:0.004863s ]
SQL: SELECT `id`,`pid`,`title` FROM `onethink_menu` WHERE ( id=125 ) LIMIT 1   [ RunTime:0.001136s ]
SQL: SELECT `id`,`pid`,`title` FROM `onethink_menu` WHERE ( id=123 ) LIMIT 1   [ RunTime:0.000788s ]
SQL: SELECT `id`,`pid`,`title` FROM `onethink_menu` WHERE ( id=122 ) LIMIT 1   [ RunTime:0.000765s ]
SQL: SELECT DISTINCT  `group` FROM `onethink_menu` WHERE ( pid = 122 )  [ RunTime:0.000931s ]
SQL: SELECT `id`,`url` FROM `onethink_menu` WHERE ( `pid` = 122 ) AND ( `hide` = 0 )  [ RunTime:0.000683s ]
SQL: SELECT `id`,`pid`,`title`,`url`,`tip` FROM `onethink_menu` WHERE ( `group` = '物业管理' ) AND ( `pid` = 122 ) AND ( `hide` = 0 ) ORDER BY sort asc  [ RunTime:0.000758s ]
SQL: SHOW COLUMNS FROM `onethink_repairs` [ RunTime:0.005113s ]
SQL: SELECT * FROM `onethink_repairs` WHERE ( `id` = 17 ) LIMIT 1   [ RunTime:0.000775s ]
INFO: [ view_parse ] --START--
INFO: [ template_filter ] --START--
INFO: Run Behavior\ContentReplace [ RunTime:0.000173s ]
INFO: [ template_filter ] --END-- [ RunTime:0.000237s ]
NOTIC: [8] Undefined variable: id D:\phpStudy\WWW\Onethink\Runtime\Cache\Admin\b3562e7641e9507c2c53133a9b2f3649.php 第 95 行.
INFO: Run Behavior\ParseTemplate [ RunTime:0.012223s ]
INFO: [ view_parse ] --END-- [ RunTime:0.012279s ]
INFO: [ view_filter ] --START--
INFO: Run Behavior\WriteHtmlCache [ RunTime:0.000260s ]
INFO: [ view_filter ] --END-- [ RunTime:0.000299s ]
INFO: [ app_end ] --START--
INFO: Run Behavior\ShowPageTrace [ RunTime:0.000616s ]
INFO: [ app_end ] --END-- [ RunTime:0.000701s ]

[ 2017-08-11T10:07:25+08:00 ] ::1 /Onethink/index.php?s=/Admin/Repair/edit.html
INFO: [ app_begin ] --START--
INFO: Run Behavior\ReadHtmlCache [ RunTime:0.000356s ]
INFO: [ app_begin ] --END-- [ RunTime:0.000699s ]
NOTIC: [2048] Declaration of Admin\Controller\RepairController::delete() should be compatible with Admin\Controller\AdminController::delete($model, $where = Array, $msg = Array) D:\phpStudy\WWW\Onethink\Application\Admin\Controller\RepairController.class.php 第 13 行.
SQL: SHOW COLUMNS FROM `onethink_menu` [ RunTime:0.022923s ]
SQL: SELECT * FROM `onethink_menu` WHERE ( `pid` = 0 ) AND ( `hide` = 0 ) ORDER BY sort asc  [ RunTime:0.000910s ]
SQL: SELECT `id` FROM `onethink_menu` WHERE ( url like '%Repair/edit%' ) LIMIT 1   [ RunTime:0.000626s ]
SQL: SHOW COLUMNS FROM `onethink_menu` [ RunTime:0.003721s ]
SQL: SELECT `id`,`pid`,`title` FROM `onethink_menu` WHERE ( id=125 ) LIMIT 1   [ RunTime:0.000756s ]
SQL: SELECT `id`,`pid`,`title` FROM `onethink_menu` WHERE ( id=123 ) LIMIT 1   [ RunTime:0.000502s ]
SQL: SELECT `id`,`pid`,`title` FROM `onethink_menu` WHERE ( id=122 ) LIMIT 1   [ RunTime:0.000496s ]
SQL: SELECT DISTINCT  `group` FROM `onethink_menu` WHERE ( pid = 122 )  [ RunTime:0.001074s ]
SQL: SELECT `id`,`url` FROM `onethink_menu` WHERE ( `pid` = 122 ) AND ( `hide` = 0 )  [ RunTime:0.000624s ]
SQL: SELECT `id`,`pid`,`title`,`url`,`tip` FROM `onethink_menu` WHERE ( `group` = '物业管理' ) AND ( `pid` = 122 ) AND ( `hide` = 0 ) ORDER BY sort asc  [ RunTime:0.000582s ]
SQL: SHOW COLUMNS FROM `onethink_repairs` [ RunTime:0.003758s ]
SQL: UPDATE `onethink_repairs` SET `name`='',`tel`='12321321321',`address`='fgrsfsd',`title`='gwefs',`content`='sefsd',`sn`='bx1502364945',`time`=1502364945,`status`=0 WHERE ( `id` = 17 ) [ RunTime:0.052279s ]
SQL: SHOW COLUMNS FROM `onethink_action` [ RunTime:0.008650s ]
SQL: SELECT * FROM `onethink_action` WHERE ( `name` = 'update_repairs' ) LIMIT 1   [ RunTime:0.001474s ]

[ 2017-08-11T10:07:27+08:00 ] ::1 /Onethink/index.php?s=/Admin/Repair/index.html
SQL: SHOW COLUMNS FROM `onethink_menu` [ RunTime:0.004138s ]
SQL: SELECT * FROM `onethink_menu` WHERE ( `pid` = 0 ) AND ( `hide` = 0 ) ORDER BY sort asc  [ RunTime:0.000776s ]
SQL: SELECT `id` FROM `onethink_menu` WHERE ( url like '%Repair/index%' ) LIMIT 1   [ RunTime:0.000662s ]
SQL: SHOW COLUMNS FROM `onethink_menu` [ RunTime:0.004363s ]
SQL: SELECT `id`,`pid`,`title` FROM `onethink_menu` WHERE ( id=122 ) LIMIT 1   [ RunTime:0.000592s ]
SQL: SELECT DISTINCT  `group` FROM `onethink_menu` WHERE ( pid = 122 )  [ RunTime:0.000703s ]
SQL: SELECT `id`,`url` FROM `onethink_menu` WHERE ( `pid` = 122 ) AND ( `hide` = 0 )  [ RunTime:0.000541s ]
SQL: SELECT `id`,`pid`,`title`,`url`,`tip` FROM `onethink_menu` WHERE ( `group` = '物业管理' ) AND ( `pid` = 122 ) AND ( `hide` = 0 ) ORDER BY sort asc  [ RunTime:0.000596s ]
SQL: SHOW COLUMNS FROM `onethink_repairs` [ RunTime:0.004228s ]
SQL: SELECT COUNT(*) AS tp_count FROM `onethink_repairs` WHERE ( `status` >= 0 ) AND ( `name` LIKE '%%' ) LIMIT 1   [ RunTime:0.000604s ]
SQL: SELECT `id`,`sn`,`name`,`tel`,`address`,`title`,`content`,`time`,`status` FROM `onethink_repairs` WHERE ( `status` >= 0 ) AND ( `name` LIKE '%%' ) ORDER BY id desc LIMIT 0,10   [ RunTime:0.000701s ]
INFO: [ view_parse ] --START--
INFO: [ template_filter ] --START--
INFO: Run Behavior\ContentReplace [ RunTime:0.000163s ]
INFO: [ template_filter ] --END-- [ RunTime:0.000211s ]
INFO: Run Behavior\ParseTemplate [ RunTime:0.012264s ]
INFO: [ view_parse ] --END-- [ RunTime:0.012317s ]
INFO: [ view_filter ] --START--
INFO: Run Behavior\WriteHtmlCache [ RunTime:0.000201s ]
INFO: [ view_filter ] --END-- [ RunTime:0.000234s ]
INFO: [ app_end ] --START--
INFO: Run Behavior\ShowPageTrace [ RunTime:0.000441s ]
INFO: [ app_end ] --END-- [ RunTime:0.000488s ]

[ 2017-08-11T10:07:34+08:00 ] ::1 /Onethink/index.php?s=/Admin/Repair/edit/id/17.html
SQL: SHOW COLUMNS FROM `onethink_menu` [ RunTime:0.021845s ]
SQL: SELECT * FROM `onethink_menu` WHERE ( `pid` = 0 ) AND ( `hide` = 0 ) ORDER BY sort asc  [ RunTime:0.000659s ]
SQL: SELECT `id` FROM `onethink_menu` WHERE ( url like '%Repair/edit%' ) LIMIT 1   [ RunTime:0.000560s ]
SQL: SHOW COLUMNS FROM `onethink_menu` [ RunTime:0.003981s ]
SQL: SELECT `id`,`pid`,`title` FROM `onethink_menu` WHERE ( id=125 ) LIMIT 1   [ RunTime:0.000487s ]
SQL: SELECT `id`,`pid`,`title` FROM `onethink_menu` WHERE ( id=123 ) LIMIT 1   [ RunTime:0.000478s ]
SQL: SELECT `id`,`pid`,`title` FROM `onethink_menu` WHERE ( id=122 ) LIMIT 1   [ RunTime:0.000355s ]
SQL: SELECT DISTINCT  `group` FROM `onethink_menu` WHERE ( pid = 122 )  [ RunTime:0.000593s ]
SQL: SELECT `id`,`url` FROM `onethink_menu` WHERE ( `pid` = 122 ) AND ( `hide` = 0 )  [ RunTime:0.000443s ]
SQL: SELECT `id`,`pid`,`title`,`url`,`tip` FROM `onethink_menu` WHERE ( `group` = '物业管理' ) AND ( `pid` = 122 ) AND ( `hide` = 0 ) ORDER BY sort asc  [ RunTime:0.000629s ]
SQL: SHOW COLUMNS FROM `onethink_repairs` [ RunTime:0.004442s ]
SQL: SELECT * FROM `onethink_repairs` WHERE ( `id` = 17 ) LIMIT 1   [ RunTime:0.000491s ]
INFO: [ view_parse ] --START--
INFO: [ template_filter ] --START--
INFO: Run Behavior\ContentReplace [ RunTime:0.000122s ]
INFO: [ template_filter ] --END-- [ RunTime:0.000163s ]
NOTIC: [8] Undefined variable: id D:\phpStudy\WWW\Onethink\Runtime\Cache\Admin\b3562e7641e9507c2c53133a9b2f3649.php 第 95 行.
INFO: Run Behavior\ParseTemplate [ RunTime:0.009103s ]
INFO: [ view_parse ] --END-- [ RunTime:0.009142s ]
INFO: [ view_filter ] --START--
INFO: Run Behavior\WriteHtmlCache [ RunTime:0.000169s ]
INFO: [ view_filter ] --END-- [ RunTime:0.000203s ]
INFO: [ app_end ] --START--
INFO: Run Behavior\ShowPageTrace [ RunTime:0.000381s ]
INFO: [ app_end ] --END-- [ RunTime:0.000422s ]

[ 2017-08-11T10:07:37+08:00 ] ::1 /Onethink/index.php?s=/Admin/Repair/edit.html
INFO: [ app_begin ] --START--
INFO: Run Behavior\ReadHtmlCache [ RunTime:0.000321s ]
INFO: [ app_begin ] --END-- [ RunTime:0.000586s ]
NOTIC: [2048] Declaration of Admin\Controller\RepairController::delete() should be compatible with Admin\Controller\AdminController::delete($model, $where = Array, $msg = Array) D:\phpStudy\WWW\Onethink\Application\Admin\Controller\RepairController.class.php 第 13 行.
SQL: SHOW COLUMNS FROM `onethink_menu` [ RunTime:0.004237s ]
SQL: SELECT * FROM `onethink_menu` WHERE ( `pid` = 0 ) AND ( `hide` = 0 ) ORDER BY sort asc  [ RunTime:0.000682s ]
SQL: SELECT `id` FROM `onethink_menu` WHERE ( url like '%Repair/edit%' ) LIMIT 1   [ RunTime:0.000582s ]
SQL: SHOW COLUMNS FROM `onethink_menu` [ RunTime:0.003972s ]
SQL: SELECT `id`,`pid`,`title` FROM `onethink_menu` WHERE ( id=125 ) LIMIT 1   [ RunTime:0.000545s ]
SQL: SELECT `id`,`pid`,`title` FROM `onethink_menu` WHERE ( id=123 ) LIMIT 1   [ RunTime:0.000451s ]
SQL: SELECT `id`,`pid`,`title` FROM `onethink_menu` WHERE ( id=122 ) LIMIT 1   [ RunTime:0.000434s ]
SQL: SELECT DISTINCT  `group` FROM `onethink_menu` WHERE ( pid = 122 )  [ RunTime:0.000615s ]
SQL: SELECT `id`,`url` FROM `onethink_menu` WHERE ( `pid` = 122 ) AND ( `hide` = 0 )  [ RunTime:0.000444s ]
SQL: SELECT `id`,`pid`,`title`,`url`,`tip` FROM `onethink_menu` WHERE ( `group` = '物业管理' ) AND ( `pid` = 122 ) AND ( `hide` = 0 ) ORDER BY sort asc  [ RunTime:0.000479s ]
SQL: SHOW COLUMNS FROM `onethink_repairs` [ RunTime:0.003923s ]
SQL: UPDATE `onethink_repairs` SET `name`='2131231',`tel`='12321321321',`address`='fgrsfsd',`title`='gwefs',`content`='sefsd',`sn`='bx1502364945',`time`=1502364945,`status`=0 WHERE ( `id` = 17 ) [ RunTime:0.050483s ]
SQL: SHOW COLUMNS FROM `onethink_action` [ RunTime:0.013150s ]
SQL: SELECT * FROM `onethink_action` WHERE ( `name` = 'update_repairs' ) LIMIT 1   [ RunTime:0.002143s ]

[ 2017-08-11T10:07:39+08:00 ] ::1 /Onethink/index.php?s=/Admin/Repair/index.html
SQL: SHOW COLUMNS FROM `onethink_menu` [ RunTime:0.021486s ]
SQL: SELECT * FROM `onethink_menu` WHERE ( `pid` = 0 ) AND ( `hide` = 0 ) ORDER BY sort asc  [ RunTime:0.000788s ]
SQL: SELECT `id` FROM `onethink_menu` WHERE ( url like '%Repair/index%' ) LIMIT 1   [ RunTime:0.000640s ]
SQL: SHOW COLUMNS FROM `onethink_menu` [ RunTime:0.004166s ]
SQL: SELECT `id`,`pid`,`title` FROM `onethink_menu` WHERE ( id=122 ) LIMIT 1   [ RunTime:0.000650s ]
SQL: SELECT DISTINCT  `group` FROM `onethink_menu` WHERE ( pid = 122 )  [ RunTime:0.000738s ]
SQL: SELECT `id`,`url` FROM `onethink_menu` WHERE ( `pid` = 122 ) AND ( `hide` = 0 )  [ RunTime:0.000566s ]
SQL: SELECT `id`,`pid`,`title`,`url`,`tip` FROM `onethink_menu` WHERE ( `group` = '物业管理' ) AND ( `pid` = 122 ) AND ( `hide` = 0 ) ORDER BY sort asc  [ RunTime:0.000552s ]
SQL: SHOW COLUMNS FROM `onethink_repairs` [ RunTime:0.004043s ]
SQL: SELECT COUNT(*) AS tp_count FROM `onethink_repairs` WHERE ( `status` >= 0 ) AND ( `name` LIKE '%%' ) LIMIT 1   [ RunTime:0.000593s ]
SQL: SELECT `id`,`sn`,`name`,`tel`,`address`,`title`,`content`,`time`,`status` FROM `onethink_repairs` WHERE ( `status` >= 0 ) AND ( `name` LIKE '%%' ) ORDER BY id desc LIMIT 0,10   [ RunTime:0.000592s ]
INFO: [ view_parse ] --START--
INFO: [ template_filter ] --START--
INFO: Run Behavior\ContentReplace [ RunTime:0.000155s ]
INFO: [ template_filter ] --END-- [ RunTime:0.000203s ]
INFO: Run Behavior\ParseTemplate [ RunTime:0.011249s ]
INFO: [ view_parse ] --END-- [ RunTime:0.011299s ]
INFO: [ view_filter ] --START--
INFO: Run Behavior\WriteHtmlCache [ RunTime:0.000193s ]
INFO: [ view_filter ] --END-- [ RunTime:0.000225s ]
INFO: [ app_end ] --START--
INFO: Run Behavior\ShowPageTrace [ RunTime:0.000436s ]
INFO: [ app_end ] --END-- [ RunTime:0.000483s ]

[ 2017-08-11T10:13:19+08:00 ] ::1 /Onethink/index.php?s=/Admin/Repair/index.html
SQL: SHOW COLUMNS FROM `onethink_menu` [ RunTime:0.003771s ]
SQL: SELECT * FROM `onethink_menu` WHERE ( `pid` = 0 ) AND ( `hide` = 0 ) ORDER BY sort asc  [ RunTime:0.000765s ]
SQL: SELECT `id` FROM `onethink_menu` WHERE ( url like '%Repair/index%' ) LIMIT 1   [ RunTime:0.000523s ]
SQL: SHOW COLUMNS FROM `onethink_menu` [ RunTime:0.004856s ]
SQL: SELECT `id`,`pid`,`title` FROM `onethink_menu` WHERE ( id=122 ) LIMIT 1   [ RunTime:0.000632s ]
SQL: SELECT DISTINCT  `group` FROM `onethink_menu` WHERE ( pid = 122 )  [ RunTime:0.000757s ]
SQL: SELECT `id`,`url` FROM `onethink_menu` WHERE ( `pid` = 122 ) AND ( `hide` = 0 )  [ RunTime:0.000410s ]
SQL: SELECT `id`,`pid`,`title`,`url`,`tip` FROM `onethink_menu` WHERE ( `group` = '物业管理' ) AND ( `pid` = 122 ) AND ( `hide` = 0 ) ORDER BY sort asc  [ RunTime:0.000442s ]
SQL: SHOW COLUMNS FROM `onethink_repairs` [ RunTime:0.003659s ]
SQL: SELECT COUNT(*) AS tp_count FROM `onethink_repairs` WHERE ( `status` >= 0 ) AND ( `name` LIKE '%%' ) LIMIT 1   [ RunTime:0.000642s ]
SQL: SELECT `id`,`sn`,`name`,`tel`,`address`,`title`,`content`,`time`,`status` FROM `onethink_repairs` WHERE ( `status` >= 0 ) AND ( `name` LIKE '%%' ) ORDER BY id desc LIMIT 0,10   [ RunTime:0.000653s ]
INFO: [ view_parse ] --START--
INFO: [ template_filter ] --START--
INFO: Run Behavior\ContentReplace [ RunTime:0.000124s ]
INFO: [ template_filter ] --END-- [ RunTime:0.000165s ]
INFO: Run Behavior\ParseTemplate [ RunTime:0.017335s ]
INFO: [ view_parse ] --END-- [ RunTime:0.017380s ]
INFO: [ view_filter ] --START--
INFO: Run Behavior\WriteHtmlCache [ RunTime:0.000237s ]
INFO: [ view_filter ] --END-- [ RunTime:0.000321s ]
INFO: [ app_end ] --START--
INFO: Run Behavior\ShowPageTrace [ RunTime:0.000557s ]
INFO: [ app_end ] --END-- [ RunTime:0.000602s ]

[ 2017-08-11T10:13:20+08:00 ] ::1 /Onethink/index.php?s=/Admin/Repair/add.html
SQL: SHOW COLUMNS FROM `onethink_menu` [ RunTime:0.023383s ]
SQL: SELECT * FROM `onethink_menu` WHERE ( `pid` = 0 ) AND ( `hide` = 0 ) ORDER BY sort asc  [ RunTime:0.000759s ]
SQL: SELECT `id` FROM `onethink_menu` WHERE ( url like '%Repair/add%' ) LIMIT 1   [ RunTime:0.000606s ]
SQL: SHOW COLUMNS FROM `onethink_menu` [ RunTime:0.004378s ]
SQL: SELECT `id`,`pid`,`title` FROM `onethink_menu` WHERE ( id=124 ) LIMIT 1   [ RunTime:0.000716s ]
SQL: SELECT `id`,`pid`,`title` FROM `onethink_menu` WHERE ( id=123 ) LIMIT 1   [ RunTime:0.000580s ]
SQL: SELECT `id`,`pid`,`title` FROM `onethink_menu` WHERE ( id=122 ) LIMIT 1   [ RunTime:0.000867s ]
SQL: SELECT DISTINCT  `group` FROM `onethink_menu` WHERE ( pid = 122 )  [ RunTime:0.001062s ]
SQL: SELECT `id`,`url` FROM `onethink_menu` WHERE ( `pid` = 122 ) AND ( `hide` = 0 )  [ RunTime:0.000556s ]
SQL: SELECT `id`,`pid`,`title`,`url`,`tip` FROM `onethink_menu` WHERE ( `group` = '物业管理' ) AND ( `pid` = 122 ) AND ( `hide` = 0 ) ORDER BY sort asc  [ RunTime:0.000521s ]
INFO: [ view_parse ] --START--
INFO: [ template_filter ] --START--
INFO: Run Behavior\ContentReplace [ RunTime:0.000116s ]
INFO: [ template_filter ] --END-- [ RunTime:0.000151s ]
NOTIC: [8] Use of undefined constant time_format - assumed 'time_format' D:\phpStudy\WWW\Onethink\Runtime\Cache\Admin\d61c27ae953eaf2a8ea52c805269e93b.php 第 123 行.
NOTIC: [8] Use of undefined constant time_format - assumed 'time_format' D:\phpStudy\WWW\Onethink\Runtime\Cache\Admin\d61c27ae953eaf2a8ea52c805269e93b.php 第 124 行.
INFO: Run Behavior\ParseTemplate [ RunTime:0.008020s ]
INFO: [ view_parse ] --END-- [ RunTime:0.008063s ]
INFO: [ view_filter ] --START--
INFO: Run Behavior\WriteHtmlCache [ RunTime:0.000154s ]
INFO: [ view_filter ] --END-- [ RunTime:0.000179s ]
INFO: [ app_end ] --START--
INFO: Run Behavior\ShowPageTrace [ RunTime:0.000371s ]
INFO: [ app_end ] --END-- [ RunTime:0.000415s ]

[ 2017-08-11T10:13:21+08:00 ] ::1 /Onethink/index.php?s=/Admin/Repair/add.html
INFO: [ app_begin ] --START--
INFO: Run Behavior\ReadHtmlCache [ RunTime:0.000397s ]
INFO: [ app_begin ] --END-- [ RunTime:0.000673s ]
NOTIC: [2048] Declaration of Admin\Controller\RepairController::delete() should be compatible with Admin\Controller\AdminController::delete($model, $where = Array, $msg = Array) D:\phpStudy\WWW\Onethink\Application\Admin\Controller\RepairController.class.php 第 13 行.
SQL: SHOW COLUMNS FROM `onethink_menu` [ RunTime:0.003945s ]
SQL: SELECT * FROM `onethink_menu` WHERE ( `pid` = 0 ) AND ( `hide` = 0 ) ORDER BY sort asc  [ RunTime:0.000704s ]
SQL: SELECT `id` FROM `onethink_menu` WHERE ( url like '%Repair/add%' ) LIMIT 1   [ RunTime:0.000552s ]
SQL: SHOW COLUMNS FROM `onethink_menu` [ RunTime:0.004153s ]
SQL: SELECT `id`,`pid`,`title` FROM `onethink_menu` WHERE ( id=124 ) LIMIT 1   [ RunTime:0.000597s ]
SQL: SELECT `id`,`pid`,`title` FROM `onethink_menu` WHERE ( id=123 ) LIMIT 1   [ RunTime:0.000514s ]
SQL: SELECT `id`,`pid`,`title` FROM `onethink_menu` WHERE ( id=122 ) LIMIT 1   [ RunTime:0.000453s ]
SQL: SELECT DISTINCT  `group` FROM `onethink_menu` WHERE ( pid = 122 )  [ RunTime:0.000648s ]
SQL: SELECT `id`,`url` FROM `onethink_menu` WHERE ( `pid` = 122 ) AND ( `hide` = 0 )  [ RunTime:0.000444s ]
SQL: SELECT `id`,`pid`,`title`,`url`,`tip` FROM `onethink_menu` WHERE ( `group` = '物业管理' ) AND ( `pid` = 122 ) AND ( `hide` = 0 ) ORDER BY sort asc  [ RunTime:0.000467s ]
SQL: SHOW COLUMNS FROM `onethink_repairs` [ RunTime:0.003929s ]
SQL: INSERT INTO `onethink_repairs` (`name`,`tel`,`address`,`title`,`content`,`sn`,`time`,`status`,`id`) VALUES ('','','','','','bx1502417600',1502417600,0,0) [ RunTime:0.054994s ]

[ 2017-08-11T10:13:23+08:00 ] ::1 /Onethink/index.php?s=/Admin/Repair/index.html
SQL: SHOW COLUMNS FROM `onethink_menu` [ RunTime:0.005275s ]
SQL: SELECT * FROM `onethink_menu` WHERE ( `pid` = 0 ) AND ( `hide` = 0 ) ORDER BY sort asc  [ RunTime:0.000960s ]
SQL: SELECT `id` FROM `onethink_menu` WHERE ( url like '%Repair/index%' ) LIMIT 1   [ RunTime:0.000802s ]
SQL: SHOW COLUMNS FROM `onethink_menu` [ RunTime:0.004972s ]
SQL: SELECT `id`,`pid`,`title` FROM `onethink_menu` WHERE ( id=122 ) LIMIT 1   [ RunTime:0.000694s ]
SQL: SELECT DISTINCT  `group` FROM `onethink_menu` WHERE ( pid = 122 )  [ RunTime:0.000859s ]
SQL: SELECT `id`,`url` FROM `onethink_menu` WHERE ( `pid` = 122 ) AND ( `hide` = 0 )  [ RunTime:0.000633s ]
SQL: SELECT `id`,`pid`,`title`,`url`,`tip` FROM `onethink_menu` WHERE ( `group` = '物业管理' ) AND ( `pid` = 122 ) AND ( `hide` = 0 ) ORDER BY sort asc  [ RunTime:0.000699s ]
SQL: SHOW COLUMNS FROM `onethink_repairs` [ RunTime:0.004788s ]
SQL: SELECT COUNT(*) AS tp_count FROM `onethink_repairs` WHERE ( `status` >= 0 ) AND ( `name` LIKE '%%' ) LIMIT 1   [ RunTime:0.000734s ]
SQL: SELECT `id`,`sn`,`name`,`tel`,`address`,`title`,`content`,`time`,`status` FROM `onethink_repairs` WHERE ( `status` >= 0 ) AND ( `name` LIKE '%%' ) ORDER BY id desc LIMIT 0,10   [ RunTime:0.000766s ]
INFO: [ view_parse ] --START--
INFO: [ template_filter ] --START--
INFO: Run Behavior\ContentReplace [ RunTime:0.000181s ]
INFO: [ template_filter ] --END-- [ RunTime:0.000233s ]
INFO: Run Behavior\ParseTemplate [ RunTime:0.013714s ]
INFO: [ view_parse ] --END-- [ RunTime:0.013775s ]
INFO: [ view_filter ] --START--
INFO: Run Behavior\WriteHtmlCache [ RunTime:0.000261s ]
INFO: [ view_filter ] --END-- [ RunTime:0.000303s ]
INFO: [ app_end ] --START--
INFO: Run Behavior\ShowPageTrace [ RunTime:0.000615s ]
INFO: [ app_end ] --END-- [ RunTime:0.000667s ]

[ 2017-08-11T10:13:26+08:00 ] ::1 /Onethink/index.php?s=/Admin/Repair/delete/id/19.html
INFO: [ app_begin ] --START--
INFO: Run Behavior\ReadHtmlCache [ RunTime:0.000340s ]
INFO: [ app_begin ] --END-- [ RunTime:0.000626s ]
NOTIC: [2048] Declaration of Admin\Controller\RepairController::delete() should be compatible with Admin\Controller\AdminController::delete($model, $where = Array, $msg = Array) D:\phpStudy\WWW\Onethink\Application\Admin\Controller\RepairController.class.php 第 13 行.
SQL: SHOW COLUMNS FROM `onethink_menu` [ RunTime:0.003935s ]
SQL: SELECT * FROM `onethink_menu` WHERE ( `pid` = 0 ) AND ( `hide` = 0 ) ORDER BY sort asc  [ RunTime:0.000735s ]
SQL: SELECT `id` FROM `onethink_menu` WHERE ( url like '%Repair/delete%' ) LIMIT 1   [ RunTime:0.000790s ]
SQL: SHOW COLUMNS FROM `onethink_menu` [ RunTime:0.004579s ]
SQL: SELECT `id`,`pid`,`title` FROM `onethink_menu` WHERE ( id=126 ) LIMIT 1   [ RunTime:0.000727s ]
SQL: SELECT `id`,`pid`,`title` FROM `onethink_menu` WHERE ( id=123 ) LIMIT 1   [ RunTime:0.001516s ]
SQL: SELECT `id`,`pid`,`title` FROM `onethink_menu` WHERE ( id=122 ) LIMIT 1   [ RunTime:0.000693s ]
SQL: SELECT DISTINCT  `group` FROM `onethink_menu` WHERE ( pid = 122 )  [ RunTime:0.000879s ]
SQL: SELECT `id`,`url` FROM `onethink_menu` WHERE ( `pid` = 122 ) AND ( `hide` = 0 )  [ RunTime:0.000670s ]
SQL: SELECT `id`,`pid`,`title`,`url`,`tip` FROM `onethink_menu` WHERE ( `group` = '物业管理' ) AND ( `pid` = 122 ) AND ( `hide` = 0 ) ORDER BY sort asc  [ RunTime:0.000679s ]
SQL: SHOW COLUMNS FROM `onethink_repairs` [ RunTime:0.003814s ]
SQL: DELETE FROM `onethink_repairs` WHERE ( `id` IN ('19') ) [ RunTime:0.044171s ]
SQL: SHOW COLUMNS FROM `onethink_action` [ RunTime:0.004150s ]
SQL: SELECT * FROM `onethink_action` WHERE ( `name` = 'update_repair' ) LIMIT 1   [ RunTime:0.000662s ]

[ 2017-08-11T10:13:27+08:00 ] ::1 /Onethink/index.php?s=/Admin/Repair/index.html
SQL: SHOW COLUMNS FROM `onethink_menu` [ RunTime:0.007207s ]
SQL: SELECT * FROM `onethink_menu` WHERE ( `pid` = 0 ) AND ( `hide` = 0 ) ORDER BY sort asc  [ RunTime:0.001402s ]
SQL: SELECT `id` FROM `onethink_menu` WHERE ( url like '%Repair/index%' ) LIMIT 1   [ RunTime:0.001259s ]
SQL: SHOW COLUMNS FROM `onethink_menu` [ RunTime:0.007363s ]
SQL: SELECT `id`,`pid`,`title` FROM `onethink_menu` WHERE ( id=122 ) LIMIT 1   [ RunTime:0.001063s ]
SQL: SELECT DISTINCT  `group` FROM `onethink_menu` WHERE ( pid = 122 )  [ RunTime:0.001221s ]
SQL: SELECT `id`,`url` FROM `onethink_menu` WHERE ( `pid` = 122 ) AND ( `hide` = 0 )  [ RunTime:0.001114s ]
SQL: SELECT `id`,`pid`,`title`,`url`,`tip` FROM `onethink_menu` WHERE ( `group` = '物业管理' ) AND ( `pid` = 122 ) AND ( `hide` = 0 ) ORDER BY sort asc  [ RunTime:0.001021s ]
SQL: SHOW COLUMNS FROM `onethink_repairs` [ RunTime:0.007605s ]
SQL: SELECT COUNT(*) AS tp_count FROM `onethink_repairs` WHERE ( `status` >= 0 ) AND ( `name` LIKE '%%' ) LIMIT 1   [ RunTime:0.001194s ]
SQL: SELECT `id`,`sn`,`name`,`tel`,`address`,`title`,`content`,`time`,`status` FROM `onethink_repairs` WHERE ( `status` >= 0 ) AND ( `name` LIKE '%%' ) ORDER BY id desc LIMIT 0,10   [ RunTime:0.001145s ]
INFO: [ view_parse ] --START--
INFO: [ template_filter ] --START--
INFO: Run Behavior\ContentReplace [ RunTime:0.000232s ]
INFO: [ template_filter ] --END-- [ RunTime:0.000289s ]
INFO: Run Behavior\ParseTemplate [ RunTime:0.016166s ]
INFO: [ view_parse ] --END-- [ RunTime:0.016221s ]
INFO: [ view_filter ] --START--
INFO: Run Behavior\WriteHtmlCache [ RunTime:0.000243s ]
INFO: [ view_filter ] --END-- [ RunTime:0.000275s ]
INFO: [ app_end ] --START--
INFO: Run Behavior\ShowPageTrace [ RunTime:0.000428s ]
INFO: [ app_end ] --END-- [ RunTime:0.000470s ]

[ 2017-08-11T10:14:03+08:00 ] ::1 /Onethink/index.php?s=/Admin/Repair/index.html
SQL: SHOW COLUMNS FROM `onethink_menu` [ RunTime:0.004063s ]
SQL: SELECT * FROM `onethink_menu` WHERE ( `pid` = 0 ) AND ( `hide` = 0 ) ORDER BY sort asc  [ RunTime:0.000681s ]
SQL: SELECT `id` FROM `onethink_menu` WHERE ( url like '%Repair/index%' ) LIMIT 1   [ RunTime:0.000560s ]
SQL: SHOW COLUMNS FROM `onethink_menu` [ RunTime:0.004042s ]
SQL: SELECT `id`,`pid`,`title` FROM `onethink_menu` WHERE ( id=122 ) LIMIT 1   [ RunTime:0.000529s ]
SQL: SELECT DISTINCT  `group` FROM `onethink_menu` WHERE ( pid = 122 )  [ RunTime:0.000915s ]
SQL: SELECT `id`,`url` FROM `onethink_menu` WHERE ( `pid` = 122 ) AND ( `hide` = 0 )  [ RunTime:0.000775s ]
SQL: SELECT `id`,`pid`,`title`,`url`,`tip` FROM `onethink_menu` WHERE ( `group` = '物业管理' ) AND ( `pid` = 122 ) AND ( `hide` = 0 ) ORDER BY sort asc  [ RunTime:0.000727s ]
SQL: SHOW COLUMNS FROM `onethink_repairs` [ RunTime:0.004081s ]
SQL: SELECT COUNT(*) AS tp_count FROM `onethink_repairs` WHERE ( `status` >= 0 ) AND ( `name` LIKE '%%' ) LIMIT 1   [ RunTime:0.000561s ]
SQL: SELECT `id`,`sn`,`name`,`tel`,`address`,`title`,`content`,`time`,`status` FROM `onethink_repairs` WHERE ( `status` >= 0 ) AND ( `name` LIKE '%%' ) ORDER BY id desc LIMIT 0,10   [ RunTime:0.000546s ]
INFO: [ view_parse ] --START--
INFO: [ template_filter ] --START--
INFO: Run Behavior\ContentReplace [ RunTime:0.000215s ]
INFO: [ template_filter ] --END-- [ RunTime:0.000290s ]
INFO: Run Behavior\ParseTemplate [ RunTime:0.011085s ]
INFO: [ view_parse ] --END-- [ RunTime:0.011137s ]
INFO: [ view_filter ] --START--
INFO: Run Behavior\WriteHtmlCache [ RunTime:0.000187s ]
INFO: [ view_filter ] --END-- [ RunTime:0.000218s ]
INFO: [ app_end ] --START--
INFO: Run Behavior\ShowPageTrace [ RunTime:0.000420s ]
INFO: [ app_end ] --END-- [ RunTime:0.000465s ]

[ 2017-08-11T10:14:04+08:00 ] ::1 /Onethink/index.php?s=/Admin/Repair/add.html
SQL: SHOW COLUMNS FROM `onethink_menu` [ RunTime:0.004939s ]
SQL: SELECT * FROM `onethink_menu` WHERE ( `pid` = 0 ) AND ( `hide` = 0 ) ORDER BY sort asc  [ RunTime:0.000755s ]
SQL: SELECT `id` FROM `onethink_menu` WHERE ( url like '%Repair/add%' ) LIMIT 1   [ RunTime:0.000598s ]
SQL: SHOW COLUMNS FROM `onethink_menu` [ RunTime:0.004446s ]
SQL: SELECT `id`,`pid`,`title` FROM `onethink_menu` WHERE ( id=124 ) LIMIT 1   [ RunTime:0.000735s ]
SQL: SELECT `id`,`pid`,`title` FROM `onethink_menu` WHERE ( id=123 ) LIMIT 1   [ RunTime:0.000664s ]
SQL: SELECT `id`,`pid`,`title` FROM `onethink_menu` WHERE ( id=122 ) LIMIT 1   [ RunTime:0.001152s ]
SQL: SELECT DISTINCT  `group` FROM `onethink_menu` WHERE ( pid = 122 )  [ RunTime:0.000830s ]
SQL: SELECT `id`,`url` FROM `onethink_menu` WHERE ( `pid` = 122 ) AND ( `hide` = 0 )  [ RunTime:0.000514s ]
SQL: SELECT `id`,`pid`,`title`,`url`,`tip` FROM `onethink_menu` WHERE ( `group` = '物业管理' ) AND ( `pid` = 122 ) AND ( `hide` = 0 ) ORDER BY sort asc  [ RunTime:0.000484s ]
INFO: [ view_parse ] --START--
INFO: [ template_filter ] --START--
INFO: Run Behavior\ContentReplace [ RunTime:0.000120s ]
INFO: [ template_filter ] --END-- [ RunTime:0.000159s ]
NOTIC: [8] Use of undefined constant time_format - assumed 'time_format' D:\phpStudy\WWW\Onethink\Runtime\Cache\Admin\d61c27ae953eaf2a8ea52c805269e93b.php 第 123 行.
NOTIC: [8] Use of undefined constant time_format - assumed 'time_format' D:\phpStudy\WWW\Onethink\Runtime\Cache\Admin\d61c27ae953eaf2a8ea52c805269e93b.php 第 124 行.
INFO: Run Behavior\ParseTemplate [ RunTime:0.008993s ]
INFO: [ view_parse ] --END-- [ RunTime:0.009038s ]
INFO: [ view_filter ] --START--
INFO: Run Behavior\WriteHtmlCache [ RunTime:0.000157s ]
INFO: [ view_filter ] --END-- [ RunTime:0.000181s ]
INFO: [ app_end ] --START--
INFO: Run Behavior\ShowPageTrace [ RunTime:0.000383s ]
INFO: [ app_end ] --END-- [ RunTime:0.000423s ]

[ 2017-08-11T10:14:05+08:00 ] ::1 /Onethink/index.php?s=/Admin/Repair/add.html
INFO: [ app_begin ] --START--
INFO: Run Behavior\ReadHtmlCache [ RunTime:0.000333s ]
INFO: [ app_begin ] --END-- [ RunTime:0.000629s ]
NOTIC: [2048] Declaration of Admin\Controller\RepairController::delete() should be compatible with Admin\Controller\AdminController::delete($model, $where = Array, $msg = Array) D:\phpStudy\WWW\Onethink\Application\Admin\Controller\RepairController.class.php 第 13 行.
SQL: SHOW COLUMNS FROM `onethink_menu` [ RunTime:0.021817s ]
SQL: SELECT * FROM `onethink_menu` WHERE ( `pid` = 0 ) AND ( `hide` = 0 ) ORDER BY sort asc  [ RunTime:0.000746s ]
SQL: SELECT `id` FROM `onethink_menu` WHERE ( url like '%Repair/add%' ) LIMIT 1   [ RunTime:0.000685s ]
SQL: SHOW COLUMNS FROM `onethink_menu` [ RunTime:0.004211s ]
SQL: SELECT `id`,`pid`,`title` FROM `onethink_menu` WHERE ( id=124 ) LIMIT 1   [ RunTime:0.000609s ]
SQL: SELECT `id`,`pid`,`title` FROM `onethink_menu` WHERE ( id=123 ) LIMIT 1   [ RunTime:0.000572s ]
SQL: SELECT `id`,`pid`,`title` FROM `onethink_menu` WHERE ( id=122 ) LIMIT 1   [ RunTime:0.000544s ]
SQL: SELECT DISTINCT  `group` FROM `onethink_menu` WHERE ( pid = 122 )  [ RunTime:0.000670s ]
SQL: SELECT `id`,`url` FROM `onethink_menu` WHERE ( `pid` = 122 ) AND ( `hide` = 0 )  [ RunTime:0.000568s ]
SQL: SELECT `id`,`pid`,`title`,`url`,`tip` FROM `onethink_menu` WHERE ( `group` = '物业管理' ) AND ( `pid` = 122 ) AND ( `hide` = 0 ) ORDER BY sort asc  [ RunTime:0.000532s ]
SQL: SHOW COLUMNS FROM `onethink_repairs` [ RunTime:0.004076s ]

[ 2017-08-11T10:14:10+08:00 ] ::1 /Onethink/index.php?s=/Admin/Repair/add.html
INFO: [ app_begin ] --START--
INFO: Run Behavior\ReadHtmlCache [ RunTime:0.000317s ]
INFO: [ app_begin ] --END-- [ RunTime:0.000589s ]
NOTIC: [2048] Declaration of Admin\Controller\RepairController::delete() should be compatible with Admin\Controller\AdminController::delete($model, $where = Array, $msg = Array) D:\phpStudy\WWW\Onethink\Application\Admin\Controller\RepairController.class.php 第 13 行.
SQL: SHOW COLUMNS FROM `onethink_menu` [ RunTime:0.021436s ]
SQL: SELECT * FROM `onethink_menu` WHERE ( `pid` = 0 ) AND ( `hide` = 0 ) ORDER BY sort asc  [ RunTime:0.000824s ]
SQL: SELECT `id` FROM `onethink_menu` WHERE ( url like '%Repair/add%' ) LIMIT 1   [ RunTime:0.000857s ]
SQL: SHOW COLUMNS FROM `onethink_menu` [ RunTime:0.004668s ]
SQL: SELECT `id`,`pid`,`title` FROM `onethink_menu` WHERE ( id=124 ) LIMIT 1   [ RunTime:0.000786s ]
SQL: SELECT `id`,`pid`,`title` FROM `onethink_menu` WHERE ( id=123 ) LIMIT 1   [ RunTime:0.000758s ]
SQL: SELECT `id`,`pid`,`title` FROM `onethink_menu` WHERE ( id=122 ) LIMIT 1   [ RunTime:0.000731s ]
SQL: SELECT DISTINCT  `group` FROM `onethink_menu` WHERE ( pid = 122 )  [ RunTime:0.000907s ]
SQL: SELECT `id`,`url` FROM `onethink_menu` WHERE ( `pid` = 122 ) AND ( `hide` = 0 )  [ RunTime:0.000704s ]
SQL: SELECT `id`,`pid`,`title`,`url`,`tip` FROM `onethink_menu` WHERE ( `group` = '物业管理' ) AND ( `pid` = 122 ) AND ( `hide` = 0 ) ORDER BY sort asc  [ RunTime:0.000826s ]
SQL: SHOW COLUMNS FROM `onethink_repairs` [ RunTime:0.006815s ]

[ 2017-08-11T10:16:57+08:00 ] ::1 /Onethink/index.php?s=/Admin/Repair/add.html
SQL: SHOW COLUMNS FROM `onethink_menu` [ RunTime:0.003799s ]
SQL: SELECT * FROM `onethink_menu` WHERE ( `pid` = 0 ) AND ( `hide` = 0 ) ORDER BY sort asc  [ RunTime:0.000727s ]
SQL: SELECT `id` FROM `onethink_menu` WHERE ( url like '%Repair/add%' ) LIMIT 1   [ RunTime:0.000483s ]
SQL: SHOW COLUMNS FROM `onethink_menu` [ RunTime:0.003589s ]
SQL: SELECT `id`,`pid`,`title` FROM `onethink_menu` WHERE ( id=124 ) LIMIT 1   [ RunTime:0.000543s ]
SQL: SELECT `id`,`pid`,`title` FROM `onethink_menu` WHERE ( id=123 ) LIMIT 1   [ RunTime:0.000474s ]
SQL: SELECT `id`,`pid`,`title` FROM `onethink_menu` WHERE ( id=122 ) LIMIT 1   [ RunTime:0.000470s ]
SQL: SELECT DISTINCT  `group` FROM `onethink_menu` WHERE ( pid = 122 )  [ RunTime:0.000712s ]
SQL: SELECT `id`,`url` FROM `onethink_menu` WHERE ( `pid` = 122 ) AND ( `hide` = 0 )  [ RunTime:0.000477s ]
SQL: SELECT `id`,`pid`,`title`,`url`,`tip` FROM `onethink_menu` WHERE ( `group` = '物业管理' ) AND ( `pid` = 122 ) AND ( `hide` = 0 ) ORDER BY sort asc  [ RunTime:0.000494s ]
INFO: [ view_parse ] --START--
INFO: [ template_filter ] --START--
INFO: Run Behavior\ContentReplace [ RunTime:0.000123s ]
INFO: [ template_filter ] --END-- [ RunTime:0.000167s ]
NOTIC: [8] Use of undefined constant time_format - assumed 'time_format' D:\phpStudy\WWW\Onethink\Runtime\Cache\Admin\d61c27ae953eaf2a8ea52c805269e93b.php 第 123 行.
NOTIC: [8] Use of undefined constant time_format - assumed 'time_format' D:\phpStudy\WWW\Onethink\Runtime\Cache\Admin\d61c27ae953eaf2a8ea52c805269e93b.php 第 124 行.
INFO: Run Behavior\ParseTemplate [ RunTime:0.009387s ]
INFO: [ view_parse ] --END-- [ RunTime:0.009438s ]
INFO: [ view_filter ] --START--
INFO: Run Behavior\WriteHtmlCache [ RunTime:0.000214s ]
INFO: [ view_filter ] --END-- [ RunTime:0.000242s ]
INFO: [ app_end ] --START--
INFO: Run Behavior\ShowPageTrace [ RunTime:0.000569s ]
INFO: [ app_end ] --END-- [ RunTime:0.000619s ]

[ 2017-08-11T10:16:57+08:00 ] ::1 /Onethink/index.php?s=/Admin/Repair/add.html
SQL: SHOW COLUMNS FROM `onethink_menu` [ RunTime:0.004608s ]
SQL: SELECT * FROM `onethink_menu` WHERE ( `pid` = 0 ) AND ( `hide` = 0 ) ORDER BY sort asc  [ RunTime:0.000828s ]
SQL: SELECT `id` FROM `onethink_menu` WHERE ( url like '%Repair/add%' ) LIMIT 1   [ RunTime:0.000487s ]
SQL: SHOW COLUMNS FROM `onethink_menu` [ RunTime:0.003865s ]
SQL: SELECT `id`,`pid`,`title` FROM `onethink_menu` WHERE ( id=124 ) LIMIT 1   [ RunTime:0.000571s ]
SQL: SELECT `id`,`pid`,`title` FROM `onethink_menu` WHERE ( id=123 ) LIMIT 1   [ RunTime:0.000466s ]
SQL: SELECT `id`,`pid`,`title` FROM `onethink_menu` WHERE ( id=122 ) LIMIT 1   [ RunTime:0.000441s ]
SQL: SELECT DISTINCT  `group` FROM `onethink_menu` WHERE ( pid = 122 )  [ RunTime:0.000643s ]
SQL: SELECT `id`,`url` FROM `onethink_menu` WHERE ( `pid` = 122 ) AND ( `hide` = 0 )  [ RunTime:0.000453s ]
SQL: SELECT `id`,`pid`,`title`,`url`,`tip` FROM `onethink_menu` WHERE ( `group` = '物业管理' ) AND ( `pid` = 122 ) AND ( `hide` = 0 ) ORDER BY sort asc  [ RunTime:0.000494s ]
INFO: [ view_parse ] --START--
INFO: [ template_filter ] --START--
INFO: Run Behavior\ContentReplace [ RunTime:0.000122s ]
INFO: [ template_filter ] --END-- [ RunTime:0.000165s ]
NOTIC: [8] Use of undefined constant time_format - assumed 'time_format' D:\phpStudy\WWW\Onethink\Runtime\Cache\Admin\d61c27ae953eaf2a8ea52c805269e93b.php 第 123 行.
NOTIC: [8] Use of undefined constant time_format - assumed 'time_format' D:\phpStudy\WWW\Onethink\Runtime\Cache\Admin\d61c27ae953eaf2a8ea52c805269e93b.php 第 124 行.
INFO: Run Behavior\ParseTemplate [ RunTime:0.008507s ]
INFO: [ view_parse ] --END-- [ RunTime:0.008552s ]
INFO: [ view_filter ] --START--
INFO: Run Behavior\WriteHtmlCache [ RunTime:0.000191s ]
INFO: [ view_filter ] --END-- [ RunTime:0.000217s ]
INFO: [ app_end ] --START--
INFO: Run Behavior\ShowPageTrace [ RunTime:0.000399s ]
INFO: [ app_end ] --END-- [ RunTime:0.000441s ]

[ 2017-08-11T10:17:21+08:00 ] ::1 /Onethink/index.php?s=/Admin/Repair/add.html
INFO: [ app_begin ] --START--
INFO: Run Behavior\ReadHtmlCache [ RunTime:0.000335s ]
INFO: [ app_begin ] --END-- [ RunTime:0.000611s ]
NOTIC: [2048] Declaration of Admin\Controller\RepairController::delete() should be compatible with Admin\Controller\AdminController::delete($model, $where = Array, $msg = Array) D:\phpStudy\WWW\Onethink\Application\Admin\Controller\RepairController.class.php 第 13 行.
SQL: SHOW COLUMNS FROM `onethink_menu` [ RunTime:0.004029s ]
SQL: SELECT * FROM `onethink_menu` WHERE ( `pid` = 0 ) AND ( `hide` = 0 ) ORDER BY sort asc  [ RunTime:0.000737s ]
SQL: SELECT `id` FROM `onethink_menu` WHERE ( url like '%Repair/add%' ) LIMIT 1   [ RunTime:0.000605s ]
SQL: SHOW COLUMNS FROM `onethink_menu` [ RunTime:0.003944s ]
SQL: SELECT `id`,`pid`,`title` FROM `onethink_menu` WHERE ( id=124 ) LIMIT 1   [ RunTime:0.000899s ]
SQL: SELECT `id`,`pid`,`title` FROM `onethink_menu` WHERE ( id=123 ) LIMIT 1   [ RunTime:0.001189s ]
SQL: SELECT `id`,`pid`,`title` FROM `onethink_menu` WHERE ( id=122 ) LIMIT 1   [ RunTime:0.000827s ]
SQL: SELECT DISTINCT  `group` FROM `onethink_menu` WHERE ( pid = 122 )  [ RunTime:0.001098s ]
SQL: SELECT `id`,`url` FROM `onethink_menu` WHERE ( `pid` = 122 ) AND ( `hide` = 0 )  [ RunTime:0.000696s ]
SQL: SELECT `id`,`pid`,`title`,`url`,`tip` FROM `onethink_menu` WHERE ( `group` = '物业管理' ) AND ( `pid` = 122 ) AND ( `hide` = 0 ) ORDER BY sort asc  [ RunTime:0.000682s ]
SQL: SHOW COLUMNS FROM `onethink_repairs` [ RunTime:0.003887s ]
SQL: INSERT INTO `onethink_repairs` (`name`,`tel`,`address`,`title`,`content`,`id`,`sn`,`time`,`status`) VALUES ('大神','121212122112','大声道','发达胜多负少','粉色是防守打法',0,'bx1502417841',1502417841,0) [ RunTime:0.042295s ]

[ 2017-08-11T10:17:22+08:00 ] ::1 /Onethink/index.php?s=/Admin/Repair/index.html
SQL: SHOW COLUMNS FROM `onethink_menu` [ RunTime:0.004209s ]
SQL: SELECT * FROM `onethink_menu` WHERE ( `pid` = 0 ) AND ( `hide` = 0 ) ORDER BY sort asc  [ RunTime:0.001045s ]
SQL: SELECT `id` FROM `onethink_menu` WHERE ( url like '%Repair/index%' ) LIMIT 1   [ RunTime:0.000534s ]
SQL: SHOW COLUMNS FROM `onethink_menu` [ RunTime:0.004206s ]
SQL: SELECT `id`,`pid`,`title` FROM `onethink_menu` WHERE ( id=122 ) LIMIT 1   [ RunTime:0.000601s ]
SQL: SELECT DISTINCT  `group` FROM `onethink_menu` WHERE ( pid = 122 )  [ RunTime:0.000655s ]
SQL: SELECT `id`,`url` FROM `onethink_menu` WHERE ( `pid` = 122 ) AND ( `hide` = 0 )  [ RunTime:0.000510s ]
SQL: SELECT `id`,`pid`,`title`,`url`,`tip` FROM `onethink_menu` WHERE ( `group` = '物业管理' ) AND ( `pid` = 122 ) AND ( `hide` = 0 ) ORDER BY sort asc  [ RunTime:0.000533s ]
SQL: SHOW COLUMNS FROM `onethink_repairs` [ RunTime:0.003892s ]
SQL: SELECT COUNT(*) AS tp_count FROM `onethink_repairs` WHERE ( `status` >= 0 ) AND ( `name` LIKE '%%' ) LIMIT 1   [ RunTime:0.000646s ]
SQL: SELECT `id`,`sn`,`name`,`tel`,`address`,`title`,`content`,`time`,`status` FROM `onethink_repairs` WHERE ( `status` >= 0 ) AND ( `name` LIKE '%%' ) ORDER BY id desc LIMIT 0,10   [ RunTime:0.000559s ]
INFO: [ view_parse ] --START--
INFO: [ template_filter ] --START--
INFO: Run Behavior\ContentReplace [ RunTime:0.000158s ]
INFO: [ template_filter ] --END-- [ RunTime:0.000211s ]
INFO: Run Behavior\ParseTemplate [ RunTime:0.011000s ]
INFO: [ view_parse ] --END-- [ RunTime:0.011046s ]
INFO: [ view_filter ] --START--
INFO: Run Behavior\WriteHtmlCache [ RunTime:0.000186s ]
INFO: [ view_filter ] --END-- [ RunTime:0.000223s ]
INFO: [ app_end ] --START--
INFO: Run Behavior\ShowPageTrace [ RunTime:0.000436s ]
INFO: [ app_end ] --END-- [ RunTime:0.000482s ]

[ 2017-08-11T10:17:24+08:00 ] ::1 /Onethink/index.php?s=/Admin/Repair/index.html
SQL: SHOW COLUMNS FROM `onethink_menu` [ RunTime:0.003826s ]
SQL: SELECT * FROM `onethink_menu` WHERE ( `pid` = 0 ) AND ( `hide` = 0 ) ORDER BY sort asc  [ RunTime:0.000764s ]
SQL: SELECT `id` FROM `onethink_menu` WHERE ( url like '%Repair/index%' ) LIMIT 1   [ RunTime:0.000551s ]
SQL: SHOW COLUMNS FROM `onethink_menu` [ RunTime:0.004109s ]
SQL: SELECT `id`,`pid`,`title` FROM `onethink_menu` WHERE ( id=122 ) LIMIT 1   [ RunTime:0.000484s ]
SQL: SELECT DISTINCT  `group` FROM `onethink_menu` WHERE ( pid = 122 )  [ RunTime:0.000586s ]
SQL: SELECT `id`,`url` FROM `onethink_menu` WHERE ( `pid` = 122 ) AND ( `hide` = 0 )  [ RunTime:0.000515s ]
SQL: SELECT `id`,`pid`,`title`,`url`,`tip` FROM `onethink_menu` WHERE ( `group` = '物业管理' ) AND ( `pid` = 122 ) AND ( `hide` = 0 ) ORDER BY sort asc  [ RunTime:0.000501s ]
SQL: SHOW COLUMNS FROM `onethink_repairs` [ RunTime:0.003996s ]
SQL: SELECT COUNT(*) AS tp_count FROM `onethink_repairs` WHERE ( `status` >= 0 ) AND ( `name` LIKE '%%' ) LIMIT 1   [ RunTime:0.000535s ]
SQL: SELECT `id`,`sn`,`name`,`tel`,`address`,`title`,`content`,`time`,`status` FROM `onethink_repairs` WHERE ( `status` >= 0 ) AND ( `name` LIKE '%%' ) ORDER BY id desc LIMIT 0,10   [ RunTime:0.000555s ]
INFO: [ view_parse ] --START--
INFO: [ template_filter ] --START--
INFO: Run Behavior\ContentReplace [ RunTime:0.000129s ]
INFO: [ template_filter ] --END-- [ RunTime:0.000170s ]
INFO: Run Behavior\ParseTemplate [ RunTime:0.009758s ]
INFO: [ view_parse ] --END-- [ RunTime:0.009802s ]
INFO: [ view_filter ] --START--
INFO: Run Behavior\WriteHtmlCache [ RunTime:0.000194s ]
INFO: [ view_filter ] --END-- [ RunTime:0.000221s ]
INFO: [ app_end ] --START--
INFO: Run Behavior\ShowPageTrace [ RunTime:0.000406s ]
INFO: [ app_end ] --END-- [ RunTime:0.000450s ]

[ 2017-08-11T10:17:25+08:00 ] ::1 /Onethink/index.php?s=/Admin/Repair/index.html
SQL: SHOW COLUMNS FROM `onethink_menu` [ RunTime:0.023653s ]
SQL: SELECT * FROM `onethink_menu` WHERE ( `pid` = 0 ) AND ( `hide` = 0 ) ORDER BY sort asc  [ RunTime:0.001515s ]
SQL: SELECT `id` FROM `onethink_menu` WHERE ( url like '%Repair/index%' ) LIMIT 1   [ RunTime:0.001341s ]
SQL: SHOW COLUMNS FROM `onethink_menu` [ RunTime:0.007130s ]
SQL: SELECT `id`,`pid`,`title` FROM `onethink_menu` WHERE ( id=122 ) LIMIT 1   [ RunTime:0.001019s ]
SQL: SELECT DISTINCT  `group` FROM `onethink_menu` WHERE ( pid = 122 )  [ RunTime:0.001330s ]
SQL: SELECT `id`,`url` FROM `onethink_menu` WHERE ( `pid` = 122 ) AND ( `hide` = 0 )  [ RunTime:0.001070s ]
SQL: SELECT `id`,`pid`,`title`,`url`,`tip` FROM `onethink_menu` WHERE ( `group` = '物业管理' ) AND ( `pid` = 122 ) AND ( `hide` = 0 ) ORDER BY sort asc  [ RunTime:0.000998s ]
SQL: SHOW COLUMNS FROM `onethink_repairs` [ RunTime:0.007768s ]
SQL: SELECT COUNT(*) AS tp_count FROM `onethink_repairs` WHERE ( `status` >= 0 ) AND ( `name` LIKE '%%' ) LIMIT 1   [ RunTime:0.001303s ]
SQL: SELECT `id`,`sn`,`name`,`tel`,`address`,`title`,`content`,`time`,`status` FROM `onethink_repairs` WHERE ( `status` >= 0 ) AND ( `name` LIKE '%%' ) ORDER BY id desc LIMIT 0,10   [ RunTime:0.001166s ]
INFO: [ view_parse ] --START--
INFO: [ template_filter ] --START--
INFO: Run Behavior\ContentReplace [ RunTime:0.000322s ]
INFO: [ template_filter ] --END-- [ RunTime:0.000434s ]
INFO: Run Behavior\ParseTemplate [ RunTime:0.024127s ]
INFO: [ view_parse ] --END-- [ RunTime:0.024207s ]
INFO: [ view_filter ] --START--
INFO: Run Behavior\WriteHtmlCache [ RunTime:0.000349s ]
INFO: [ view_filter ] --END-- [ RunTime:0.000405s ]
INFO: [ app_end ] --START--
INFO: Run Behavior\ShowPageTrace [ RunTime:0.000826s ]
INFO: [ app_end ] --END-- [ RunTime:0.000898s ]

[ 2017-08-11T10:36:06+08:00 ] ::1 /Onethink/index.php?s=/Admin/Repair/edit/id/20.html
SQL: SHOW COLUMNS FROM `onethink_menu` [ RunTime:0.023279s ]
SQL: SELECT * FROM `onethink_menu` WHERE ( `pid` = 0 ) AND ( `hide` = 0 ) ORDER BY sort asc  [ RunTime:0.000930s ]
SQL: SELECT `id` FROM `onethink_menu` WHERE ( url like '%Repair/edit%' ) LIMIT 1   [ RunTime:0.000877s ]
SQL: SHOW COLUMNS FROM `onethink_menu` [ RunTime:0.004058s ]
SQL: SELECT `id`,`pid`,`title` FROM `onethink_menu` WHERE ( id=125 ) LIMIT 1   [ RunTime:0.000717s ]
SQL: SELECT `id`,`pid`,`title` FROM `onethink_menu` WHERE ( id=123 ) LIMIT 1   [ RunTime:0.000623s ]
SQL: SELECT `id`,`pid`,`title` FROM `onethink_menu` WHERE ( id=122 ) LIMIT 1   [ RunTime:0.000564s ]
SQL: SELECT DISTINCT  `group` FROM `onethink_menu` WHERE ( pid = 122 )  [ RunTime:0.000789s ]
SQL: SELECT `id`,`url` FROM `onethink_menu` WHERE ( `pid` = 122 ) AND ( `hide` = 0 )  [ RunTime:0.000702s ]
SQL: SELECT `id`,`pid`,`title`,`url`,`tip` FROM `onethink_menu` WHERE ( `group` = '物业管理' ) AND ( `pid` = 122 ) AND ( `hide` = 0 ) ORDER BY sort asc  [ RunTime:0.000741s ]
SQL: SHOW COLUMNS FROM `onethink_repairs` [ RunTime:0.004208s ]
SQL: SELECT * FROM `onethink_repairs` WHERE ( `id` = 20 ) LIMIT 1   [ RunTime:0.000691s ]
INFO: [ view_parse ] --START--
INFO: [ template_filter ] --START--
INFO: Run Behavior\ContentReplace [ RunTime:0.000178s ]
INFO: [ template_filter ] --END-- [ RunTime:0.000235s ]
NOTIC: [8] Undefined variable: id D:\phpStudy\WWW\Onethink\Runtime\Cache\Admin\b3562e7641e9507c2c53133a9b2f3649.php 第 95 行.
INFO: Run Behavior\ParseTemplate [ RunTime:0.019635s ]
INFO: [ view_parse ] --END-- [ RunTime:0.019681s ]
INFO: [ view_filter ] --START--
INFO: Run Behavior\WriteHtmlCache [ RunTime:0.000228s ]
INFO: [ view_filter ] --END-- [ RunTime:0.000254s ]
INFO: [ app_end ] --START--
INFO: Run Behavior\ShowPageTrace [ RunTime:0.000491s ]
INFO: [ app_end ] --END-- [ RunTime:0.000533s ]

[ 2017-08-11T10:36:07+08:00 ] ::1 /Onethink/index.php?s=/Admin/Repair/edit.html
INFO: [ app_begin ] --START--
INFO: Run Behavior\ReadHtmlCache [ RunTime:0.000339s ]
INFO: [ app_begin ] --END-- [ RunTime:0.000616s ]
NOTIC: [2048] Declaration of Admin\Controller\RepairController::delete() should be compatible with Admin\Controller\AdminController::delete($model, $where = Array, $msg = Array) D:\phpStudy\WWW\Onethink\Application\Admin\Controller\RepairController.class.php 第 13 行.
SQL: SHOW COLUMNS FROM `onethink_menu` [ RunTime:0.020640s ]
SQL: SELECT * FROM `onethink_menu` WHERE ( `pid` = 0 ) AND ( `hide` = 0 ) ORDER BY sort asc  [ RunTime:0.000740s ]
SQL: SELECT `id` FROM `onethink_menu` WHERE ( url like '%Repair/edit%' ) LIMIT 1   [ RunTime:0.000673s ]
SQL: SHOW COLUMNS FROM `onethink_menu` [ RunTime:0.004050s ]
SQL: SELECT `id`,`pid`,`title` FROM `onethink_menu` WHERE ( id=125 ) LIMIT 1   [ RunTime:0.000692s ]
SQL: SELECT `id`,`pid`,`title` FROM `onethink_menu` WHERE ( id=123 ) LIMIT 1   [ RunTime:0.000582s ]
SQL: SELECT `id`,`pid`,`title` FROM `onethink_menu` WHERE ( id=122 ) LIMIT 1   [ RunTime:0.000514s ]
SQL: SELECT DISTINCT  `group` FROM `onethink_menu` WHERE ( pid = 122 )  [ RunTime:0.000639s ]
SQL: SELECT `id`,`url` FROM `onethink_menu` WHERE ( `pid` = 122 ) AND ( `hide` = 0 )  [ RunTime:0.000497s ]
SQL: SELECT `id`,`pid`,`title`,`url`,`tip` FROM `onethink_menu` WHERE ( `group` = '物业管理' ) AND ( `pid` = 122 ) AND ( `hide` = 0 ) ORDER BY sort asc  [ RunTime:0.000594s ]
SQL: SHOW COLUMNS FROM `onethink_repairs` [ RunTime:0.003697s ]
SQL: UPDATE `onethink_repairs` SET `name`='大神',`tel`='12121212211',`address`='大声道',`title`='发达胜多负少',`content`='粉色是防守打法',`sn`='bx1502417841',`time`=1502417841,`status`=0 WHERE ( `id` = 20 ) [ RunTime:0.047956s ]

[ 2017-08-11T10:36:11+08:00 ] ::1 /Onethink/index.php?s=/Admin/Repair/edit.html
INFO: [ app_begin ] --START--
INFO: Run Behavior\ReadHtmlCache [ RunTime:0.000341s ]
INFO: [ app_begin ] --END-- [ RunTime:0.000614s ]
NOTIC: [2048] Declaration of Admin\Controller\RepairController::delete() should be compatible with Admin\Controller\AdminController::delete($model, $where = Array, $msg = Array) D:\phpStudy\WWW\Onethink\Application\Admin\Controller\RepairController.class.php 第 13 行.
SQL: SHOW COLUMNS FROM `onethink_menu` [ RunTime:0.004115s ]
SQL: SELECT * FROM `onethink_menu` WHERE ( `pid` = 0 ) AND ( `hide` = 0 ) ORDER BY sort asc  [ RunTime:0.000688s ]
SQL: SELECT `id` FROM `onethink_menu` WHERE ( url like '%Repair/edit%' ) LIMIT 1   [ RunTime:0.000551s ]
SQL: SHOW COLUMNS FROM `onethink_menu` [ RunTime:0.004233s ]
SQL: SELECT `id`,`pid`,`title` FROM `onethink_menu` WHERE ( id=125 ) LIMIT 1   [ RunTime:0.000528s ]
SQL: SELECT `id`,`pid`,`title` FROM `onethink_menu` WHERE ( id=123 ) LIMIT 1   [ RunTime:0.000454s ]
SQL: SELECT `id`,`pid`,`title` FROM `onethink_menu` WHERE ( id=122 ) LIMIT 1   [ RunTime:0.000455s ]
SQL: SELECT DISTINCT  `group` FROM `onethink_menu` WHERE ( pid = 122 )  [ RunTime:0.000672s ]
SQL: SELECT `id`,`url` FROM `onethink_menu` WHERE ( `pid` = 122 ) AND ( `hide` = 0 )  [ RunTime:0.000466s ]
SQL: SELECT `id`,`pid`,`title`,`url`,`tip` FROM `onethink_menu` WHERE ( `group` = '物业管理' ) AND ( `pid` = 122 ) AND ( `hide` = 0 ) ORDER BY sort asc  [ RunTime:0.000482s ]
SQL: SHOW COLUMNS FROM `onethink_repairs` [ RunTime:0.004010s ]
SQL: UPDATE `onethink_repairs` SET `name`='大神',`tel`='12121212211',`address`='大声道',`title`='发达胜多负少',`content`='粉色是防守打法',`sn`='bx1502417841',`time`=1502417841,`status`=1 WHERE ( `id` = 20 ) [ RunTime:0.036420s ]
SQL: SHOW COLUMNS FROM `onethink_action` [ RunTime:0.010995s ]
SQL: SELECT * FROM `onethink_action` WHERE ( `name` = 'update_repairs' ) LIMIT 1   [ RunTime:0.001774s ]

[ 2017-08-11T10:36:12+08:00 ] ::1 /Onethink/index.php?s=/Admin/Repair/index.html
SQL: SHOW COLUMNS FROM `onethink_menu` [ RunTime:0.005530s ]
SQL: SELECT * FROM `onethink_menu` WHERE ( `pid` = 0 ) AND ( `hide` = 0 ) ORDER BY sort asc  [ RunTime:0.000736s ]
SQL: SELECT `id` FROM `onethink_menu` WHERE ( url like '%Repair/index%' ) LIMIT 1   [ RunTime:0.000548s ]
SQL: SHOW COLUMNS FROM `onethink_menu` [ RunTime:0.004952s ]
SQL: SELECT `id`,`pid`,`title` FROM `onethink_menu` WHERE ( id=122 ) LIMIT 1   [ RunTime:0.000605s ]
SQL: SELECT DISTINCT  `group` FROM `onethink_menu` WHERE ( pid = 122 )  [ RunTime:0.000665s ]
SQL: SELECT `id`,`url` FROM `onethink_menu` WHERE ( `pid` = 122 ) AND ( `hide` = 0 )  [ RunTime:0.000488s ]
SQL: SELECT `id`,`pid`,`title`,`url`,`tip` FROM `onethink_menu` WHERE ( `group` = '物业管理' ) AND ( `pid` = 122 ) AND ( `hide` = 0 ) ORDER BY sort asc  [ RunTime:0.000597s ]
SQL: SHOW COLUMNS FROM `onethink_repairs` [ RunTime:0.007953s ]
SQL: SELECT COUNT(*) AS tp_count FROM `onethink_repairs` WHERE ( `status` >= 0 ) AND ( `name` LIKE '%%' ) LIMIT 1   [ RunTime:0.000788s ]
SQL: SELECT `id`,`sn`,`name`,`tel`,`address`,`title`,`content`,`time`,`status` FROM `onethink_repairs` WHERE ( `status` >= 0 ) AND ( `name` LIKE '%%' ) ORDER BY id desc LIMIT 0,10   [ RunTime:0.000714s ]
INFO: [ view_parse ] --START--
INFO: [ template_filter ] --START--
INFO: Run Behavior\ContentReplace [ RunTime:0.000166s ]
INFO: [ template_filter ] --END-- [ RunTime:0.000213s ]
INFO: Run Behavior\ParseTemplate [ RunTime:0.012561s ]
INFO: [ view_parse ] --END-- [ RunTime:0.012608s ]
INFO: [ view_filter ] --START--
INFO: Run Behavior\WriteHtmlCache [ RunTime:0.000215s ]
INFO: [ view_filter ] --END-- [ RunTime:0.000247s ]
INFO: [ app_end ] --START--
INFO: Run Behavior\ShowPageTrace [ RunTime:0.000601s ]
INFO: [ app_end ] --END-- [ RunTime:0.000664s ]

[ 2017-08-11T10:36:27+08:00 ] ::1 /Onethink/index.php?s=/Admin/Repair/edit/id/20.html
SQL: SHOW COLUMNS FROM `onethink_menu` [ RunTime:0.022734s ]
SQL: SELECT * FROM `onethink_menu` WHERE ( `pid` = 0 ) AND ( `hide` = 0 ) ORDER BY sort asc  [ RunTime:0.001424s ]
SQL: SELECT `id` FROM `onethink_menu` WHERE ( url like '%Repair/edit%' ) LIMIT 1   [ RunTime:0.000707s ]
SQL: SHOW COLUMNS FROM `onethink_menu` [ RunTime:0.004288s ]
SQL: SELECT `id`,`pid`,`title` FROM `onethink_menu` WHERE ( id=125 ) LIMIT 1   [ RunTime:0.000666s ]
SQL: SELECT `id`,`pid`,`title` FROM `onethink_menu` WHERE ( id=123 ) LIMIT 1   [ RunTime:0.000806s ]
SQL: SELECT `id`,`pid`,`title` FROM `onethink_menu` WHERE ( id=122 ) LIMIT 1   [ RunTime:0.000601s ]
SQL: SELECT DISTINCT  `group` FROM `onethink_menu` WHERE ( pid = 122 )  [ RunTime:0.001145s ]
SQL: SELECT `id`,`url` FROM `onethink_menu` WHERE ( `pid` = 122 ) AND ( `hide` = 0 )  [ RunTime:0.001667s ]
SQL: SELECT `id`,`pid`,`title`,`url`,`tip` FROM `onethink_menu` WHERE ( `group` = '物业管理' ) AND ( `pid` = 122 ) AND ( `hide` = 0 ) ORDER BY sort asc  [ RunTime:0.000621s ]
SQL: SHOW COLUMNS FROM `onethink_repairs` [ RunTime:0.005518s ]
SQL: SELECT * FROM `onethink_repairs` WHERE ( `id` = 20 ) LIMIT 1   [ RunTime:0.000673s ]
INFO: [ view_parse ] --START--
INFO: [ template_filter ] --START--
INFO: Run Behavior\ContentReplace [ RunTime:0.000143s ]
INFO: [ template_filter ] --END-- [ RunTime:0.000186s ]
NOTIC: [8] Undefined variable: id D:\phpStudy\WWW\Onethink\Runtime\Cache\Admin\b3562e7641e9507c2c53133a9b2f3649.php 第 95 行.
INFO: Run Behavior\ParseTemplate [ RunTime:0.011345s ]
INFO: [ view_parse ] --END-- [ RunTime:0.011389s ]
INFO: [ view_filter ] --START--
INFO: Run Behavior\WriteHtmlCache [ RunTime:0.000231s ]
INFO: [ view_filter ] --END-- [ RunTime:0.000262s ]
INFO: [ app_end ] --START--
INFO: Run Behavior\ShowPageTrace [ RunTime:0.000534s ]
INFO: [ app_end ] --END-- [ RunTime:0.000583s ]

[ 2017-08-11T10:36:29+08:00 ] ::1 /Onethink/index.php?s=/Admin/Repair/edit.html
INFO: [ app_begin ] --START--
INFO: Run Behavior\ReadHtmlCache [ RunTime:0.000333s ]
INFO: [ app_begin ] --END-- [ RunTime:0.000599s ]
NOTIC: [2048] Declaration of Admin\Controller\RepairController::delete() should be compatible with Admin\Controller\AdminController::delete($model, $where = Array, $msg = Array) D:\phpStudy\WWW\Onethink\Application\Admin\Controller\RepairController.class.php 第 13 行.
SQL: SHOW COLUMNS FROM `onethink_menu` [ RunTime:0.021215s ]
SQL: SELECT * FROM `onethink_menu` WHERE ( `pid` = 0 ) AND ( `hide` = 0 ) ORDER BY sort asc  [ RunTime:0.000861s ]
SQL: SELECT `id` FROM `onethink_menu` WHERE ( url like '%Repair/edit%' ) LIMIT 1   [ RunTime:0.000734s ]
SQL: SHOW COLUMNS FROM `onethink_menu` [ RunTime:0.004261s ]
SQL: SELECT `id`,`pid`,`title` FROM `onethink_menu` WHERE ( id=125 ) LIMIT 1   [ RunTime:0.000706s ]
SQL: SELECT `id`,`pid`,`title` FROM `onethink_menu` WHERE ( id=123 ) LIMIT 1   [ RunTime:0.000593s ]
SQL: SELECT `id`,`pid`,`title` FROM `onethink_menu` WHERE ( id=122 ) LIMIT 1   [ RunTime:0.000527s ]
SQL: SELECT DISTINCT  `group` FROM `onethink_menu` WHERE ( pid = 122 )  [ RunTime:0.000700s ]
SQL: SELECT `id`,`url` FROM `onethink_menu` WHERE ( `pid` = 122 ) AND ( `hide` = 0 )  [ RunTime:0.000527s ]
SQL: SELECT `id`,`pid`,`title`,`url`,`tip` FROM `onethink_menu` WHERE ( `group` = '物业管理' ) AND ( `pid` = 122 ) AND ( `hide` = 0 ) ORDER BY sort asc  [ RunTime:0.000535s ]
SQL: SHOW COLUMNS FROM `onethink_repairs` [ RunTime:0.004060s ]
SQL: UPDATE `onethink_repairs` SET `name`='大神',`tel`='12121212211',`address`='大声道',`title`='发达胜多负少',`content`='粉色是防守打法',`sn`='bx1502417841',`time`=1502417841,`status`=0 WHERE ( `id` = 20 ) [ RunTime:0.040889s ]
SQL: SHOW COLUMNS FROM `onethink_action` [ RunTime:0.004374s ]
SQL: SELECT * FROM `onethink_action` WHERE ( `name` = 'update_repairs' ) LIMIT 1   [ RunTime:0.000701s ]

[ 2017-08-11T10:36:31+08:00 ] ::1 /Onethink/index.php?s=/Admin/Repair/index.html
SQL: SHOW COLUMNS FROM `onethink_menu` [ RunTime:0.022212s ]
SQL: SELECT * FROM `onethink_menu` WHERE ( `pid` = 0 ) AND ( `hide` = 0 ) ORDER BY sort asc  [ RunTime:0.000966s ]
SQL: SELECT `id` FROM `onethink_menu` WHERE ( url like '%Repair/index%' ) LIMIT 1   [ RunTime:0.000747s ]
SQL: SHOW COLUMNS FROM `onethink_menu` [ RunTime:0.006008s ]
SQL: SELECT `id`,`pid`,`title` FROM `onethink_menu` WHERE ( id=122 ) LIMIT 1   [ RunTime:0.000790s ]
SQL: SELECT DISTINCT  `group` FROM `onethink_menu` WHERE ( pid = 122 )  [ RunTime:0.000973s ]
SQL: SELECT `id`,`url` FROM `onethink_menu` WHERE ( `pid` = 122 ) AND ( `hide` = 0 )  [ RunTime:0.000715s ]
SQL: SELECT `id`,`pid`,`title`,`url`,`tip` FROM `onethink_menu` WHERE ( `group` = '物业管理' ) AND ( `pid` = 122 ) AND ( `hide` = 0 ) ORDER BY sort asc  [ RunTime:0.000734s ]
SQL: SHOW COLUMNS FROM `onethink_repairs` [ RunTime:0.005331s ]
SQL: SELECT COUNT(*) AS tp_count FROM `onethink_repairs` WHERE ( `status` >= 0 ) AND ( `name` LIKE '%%' ) LIMIT 1   [ RunTime:0.000861s ]
SQL: SELECT `id`,`sn`,`name`,`tel`,`address`,`title`,`content`,`time`,`status` FROM `onethink_repairs` WHERE ( `status` >= 0 ) AND ( `name` LIKE '%%' ) ORDER BY id desc LIMIT 0,10   [ RunTime:0.000904s ]
INFO: [ view_parse ] --START--
INFO: [ template_filter ] --START--
INFO: Run Behavior\ContentReplace [ RunTime:0.000204s ]
INFO: [ template_filter ] --END-- [ RunTime:0.000262s ]
INFO: Run Behavior\ParseTemplate [ RunTime:0.014889s ]
INFO: [ view_parse ] --END-- [ RunTime:0.014954s ]
INFO: [ view_filter ] --START--
INFO: Run Behavior\WriteHtmlCache [ RunTime:0.000309s ]
INFO: [ view_filter ] --END-- [ RunTime:0.000355s ]
INFO: [ app_end ] --START--
INFO: Run Behavior\ShowPageTrace [ RunTime:0.000607s ]
INFO: [ app_end ] --END-- [ RunTime:0.000659s ]

[ 2017-08-11T10:36:32+08:00 ] ::1 /Onethink/index.php?s=/Admin/Repair/edit/id/20.html
SQL: SHOW COLUMNS FROM `onethink_menu` [ RunTime:0.005771s ]
SQL: SELECT * FROM `onethink_menu` WHERE ( `pid` = 0 ) AND ( `hide` = 0 ) ORDER BY sort asc  [ RunTime:0.000804s ]
SQL: SELECT `id` FROM `onethink_menu` WHERE ( url like '%Repair/edit%' ) LIMIT 1   [ RunTime:0.000621s ]
SQL: SHOW COLUMNS FROM `onethink_menu` [ RunTime:0.003725s ]
SQL: SELECT `id`,`pid`,`title` FROM `onethink_menu` WHERE ( id=125 ) LIMIT 1   [ RunTime:0.000551s ]
SQL: SELECT `id`,`pid`,`title` FROM `onethink_menu` WHERE ( id=123 ) LIMIT 1   [ RunTime:0.000488s ]
SQL: SELECT `id`,`pid`,`title` FROM `onethink_menu` WHERE ( id=122 ) LIMIT 1   [ RunTime:0.000425s ]
SQL: SELECT DISTINCT  `group` FROM `onethink_menu` WHERE ( pid = 122 )  [ RunTime:0.000626s ]
SQL: SELECT `id`,`url` FROM `onethink_menu` WHERE ( `pid` = 122 ) AND ( `hide` = 0 )  [ RunTime:0.000443s ]
SQL: SELECT `id`,`pid`,`title`,`url`,`tip` FROM `onethink_menu` WHERE ( `group` = '物业管理' ) AND ( `pid` = 122 ) AND ( `hide` = 0 ) ORDER BY sort asc  [ RunTime:0.000471s ]
SQL: SHOW COLUMNS FROM `onethink_repairs` [ RunTime:0.004215s ]
SQL: SELECT * FROM `onethink_repairs` WHERE ( `id` = 20 ) LIMIT 1   [ RunTime:0.000648s ]
INFO: [ view_parse ] --START--
INFO: [ template_filter ] --START--
INFO: Run Behavior\ContentReplace [ RunTime:0.000120s ]
INFO: [ template_filter ] --END-- [ RunTime:0.000156s ]
NOTIC: [8] Undefined variable: id D:\phpStudy\WWW\Onethink\Runtime\Cache\Admin\b3562e7641e9507c2c53133a9b2f3649.php 第 95 行.
INFO: Run Behavior\ParseTemplate [ RunTime:0.008959s ]
INFO: [ view_parse ] --END-- [ RunTime:0.009039s ]
INFO: [ view_filter ] --START--
INFO: Run Behavior\WriteHtmlCache [ RunTime:0.000292s ]
INFO: [ view_filter ] --END-- [ RunTime:0.000327s ]
INFO: [ app_end ] --START--
INFO: Run Behavior\ShowPageTrace [ RunTime:0.000608s ]
INFO: [ app_end ] --END-- [ RunTime:0.000655s ]

[ 2017-08-11T10:36:33+08:00 ] ::1 /Onethink/index.php?s=/Admin/Repair/edit.html
INFO: [ app_begin ] --START--
INFO: Run Behavior\ReadHtmlCache [ RunTime:0.000328s ]
INFO: [ app_begin ] --END-- [ RunTime:0.000612s ]
NOTIC: [2048] Declaration of Admin\Controller\RepairController::delete() should be compatible with Admin\Controller\AdminController::delete($model, $where = Array, $msg = Array) D:\phpStudy\WWW\Onethink\Application\Admin\Controller\RepairController.class.php 第 13 行.
SQL: SHOW COLUMNS FROM `onethink_menu` [ RunTime:0.021316s ]
SQL: SELECT * FROM `onethink_menu` WHERE ( `pid` = 0 ) AND ( `hide` = 0 ) ORDER BY sort asc  [ RunTime:0.000762s ]
SQL: SELECT `id` FROM `onethink_menu` WHERE ( url like '%Repair/edit%' ) LIMIT 1   [ RunTime:0.000731s ]
SQL: SHOW COLUMNS FROM `onethink_menu` [ RunTime:0.004317s ]
SQL: SELECT `id`,`pid`,`title` FROM `onethink_menu` WHERE ( id=125 ) LIMIT 1   [ RunTime:0.000738s ]
SQL: SELECT `id`,`pid`,`title` FROM `onethink_menu` WHERE ( id=123 ) LIMIT 1   [ RunTime:0.000607s ]
SQL: SELECT `id`,`pid`,`title` FROM `onethink_menu` WHERE ( id=122 ) LIMIT 1   [ RunTime:0.000462s ]
SQL: SELECT DISTINCT  `group` FROM `onethink_menu` WHERE ( pid = 122 )  [ RunTime:0.000680s ]
SQL: SELECT `id`,`url` FROM `onethink_menu` WHERE ( `pid` = 122 ) AND ( `hide` = 0 )  [ RunTime:0.000486s ]
SQL: SELECT `id`,`pid`,`title`,`url`,`tip` FROM `onethink_menu` WHERE ( `group` = '物业管理' ) AND ( `pid` = 122 ) AND ( `hide` = 0 ) ORDER BY sort asc  [ RunTime:0.000476s ]
SQL: SHOW COLUMNS FROM `onethink_repairs` [ RunTime:0.003901s ]
SQL: UPDATE `onethink_repairs` SET `name`='大神',`tel`='12121212211',`address`='大声道',`title`='发达胜多负少',`content`='粉色是防守打法',`sn`='bx1502417841',`time`=1502417841,`status`=0 WHERE ( `id` = 20 ) [ RunTime:0.036811s ]

[ 2017-08-11T10:37:23+08:00 ] ::1 /Onethink/index.php?s=/Admin/Repair/edit.html
INFO: [ app_begin ] --START--
INFO: Run Behavior\ReadHtmlCache [ RunTime:0.000533s ]
INFO: [ app_begin ] --END-- [ RunTime:0.002339s ]
NOTIC: [2048] Declaration of Admin\Controller\RepairController::delete() should be compatible with Admin\Controller\AdminController::delete($model, $where = Array, $msg = Array) D:\phpStudy\WWW\Onethink\Application\Admin\Controller\RepairController.class.php 第 13 行.
SQL: SHOW COLUMNS FROM `onethink_menu` [ RunTime:0.004752s ]
SQL: SELECT * FROM `onethink_menu` WHERE ( `pid` = 0 ) AND ( `hide` = 0 ) ORDER BY sort asc  [ RunTime:0.000744s ]
SQL: SELECT `id` FROM `onethink_menu` WHERE ( url like '%Repair/edit%' ) LIMIT 1   [ RunTime:0.000672s ]
SQL: SHOW COLUMNS FROM `onethink_menu` [ RunTime:0.003950s ]
SQL: SELECT `id`,`pid`,`title` FROM `onethink_menu` WHERE ( id=125 ) LIMIT 1   [ RunTime:0.000557s ]
SQL: SELECT `id`,`pid`,`title` FROM `onethink_menu` WHERE ( id=123 ) LIMIT 1   [ RunTime:0.000577s ]
SQL: SELECT `id`,`pid`,`title` FROM `onethink_menu` WHERE ( id=122 ) LIMIT 1   [ RunTime:0.001051s ]
SQL: SELECT DISTINCT  `group` FROM `onethink_menu` WHERE ( pid = 122 )  [ RunTime:0.001436s ]
SQL: SELECT `id`,`url` FROM `onethink_menu` WHERE ( `pid` = 122 ) AND ( `hide` = 0 )  [ RunTime:0.000911s ]
SQL: SELECT `id`,`pid`,`title`,`url`,`tip` FROM `onethink_menu` WHERE ( `group` = '物业管理' ) AND ( `pid` = 122 ) AND ( `hide` = 0 ) ORDER BY sort asc  [ RunTime:0.000920s ]
SQL: SHOW COLUMNS FROM `onethink_repairs` [ RunTime:0.004054s ]

[ 2017-08-11T10:37:27+08:00 ] ::1 /Onethink/index.php?s=/Admin/Repair/edit.html
INFO: [ app_begin ] --START--
INFO: Run Behavior\ReadHtmlCache [ RunTime:0.000325s ]
INFO: [ app_begin ] --END-- [ RunTime:0.000676s ]
NOTIC: [2048] Declaration of Admin\Controller\RepairController::delete() should be compatible with Admin\Controller\AdminController::delete($model, $where = Array, $msg = Array) D:\phpStudy\WWW\Onethink\Application\Admin\Controller\RepairController.class.php 第 13 行.
SQL: SHOW COLUMNS FROM `onethink_menu` [ RunTime:0.007864s ]
SQL: SELECT * FROM `onethink_menu` WHERE ( `pid` = 0 ) AND ( `hide` = 0 ) ORDER BY sort asc  [ RunTime:0.000761s ]
SQL: SELECT `id` FROM `onethink_menu` WHERE ( url like '%Repair/edit%' ) LIMIT 1   [ RunTime:0.000720s ]
SQL: SHOW COLUMNS FROM `onethink_menu` [ RunTime:0.004388s ]
SQL: SELECT `id`,`pid`,`title` FROM `onethink_menu` WHERE ( id=125 ) LIMIT 1   [ RunTime:0.000784s ]
SQL: SELECT `id`,`pid`,`title` FROM `onethink_menu` WHERE ( id=123 ) LIMIT 1   [ RunTime:0.000542s ]
SQL: SELECT `id`,`pid`,`title` FROM `onethink_menu` WHERE ( id=122 ) LIMIT 1   [ RunTime:0.000413s ]
SQL: SELECT DISTINCT  `group` FROM `onethink_menu` WHERE ( pid = 122 )  [ RunTime:0.000686s ]
SQL: SELECT `id`,`url` FROM `onethink_menu` WHERE ( `pid` = 122 ) AND ( `hide` = 0 )  [ RunTime:0.002755s ]
SQL: SELECT `id`,`pid`,`title`,`url`,`tip` FROM `onethink_menu` WHERE ( `group` = '物业管理' ) AND ( `pid` = 122 ) AND ( `hide` = 0 ) ORDER BY sort asc  [ RunTime:0.001154s ]
SQL: SHOW COLUMNS FROM `onethink_repairs` [ RunTime:0.004128s ]
SQL: UPDATE `onethink_repairs` SET `name`='大神',`tel`='12121212211',`address`='大声道',`title`='发达胜多负少',`content`='粉色是防守打法',`sn`='bx1502417841',`time`=1502417841,`status`=0 WHERE ( `id` = 20 ) [ RunTime:0.043169s ]

[ 2017-08-11T10:37:33+08:00 ] ::1 /Onethink/index.php?s=/Admin/Repair/edit.html
INFO: [ app_begin ] --START--
INFO: Run Behavior\ReadHtmlCache [ RunTime:0.000339s ]
INFO: [ app_begin ] --END-- [ RunTime:0.000617s ]
NOTIC: [2048] Declaration of Admin\Controller\RepairController::delete() should be compatible with Admin\Controller\AdminController::delete($model, $where = Array, $msg = Array) D:\phpStudy\WWW\Onethink\Application\Admin\Controller\RepairController.class.php 第 13 行.
SQL: SHOW COLUMNS FROM `onethink_menu` [ RunTime:0.021756s ]
SQL: SELECT * FROM `onethink_menu` WHERE ( `pid` = 0 ) AND ( `hide` = 0 ) ORDER BY sort asc  [ RunTime:0.000829s ]
SQL: SELECT `id` FROM `onethink_menu` WHERE ( url like '%Repair/edit%' ) LIMIT 1   [ RunTime:0.000705s ]
SQL: SHOW COLUMNS FROM `onethink_menu` [ RunTime:0.003969s ]
SQL: SELECT `id`,`pid`,`title` FROM `onethink_menu` WHERE ( id=125 ) LIMIT 1   [ RunTime:0.000571s ]
SQL: SELECT `id`,`pid`,`title` FROM `onethink_menu` WHERE ( id=123 ) LIMIT 1   [ RunTime:0.000639s ]
SQL: SELECT `id`,`pid`,`title` FROM `onethink_menu` WHERE ( id=122 ) LIMIT 1   [ RunTime:0.000527s ]
SQL: SELECT DISTINCT  `group` FROM `onethink_menu` WHERE ( pid = 122 )  [ RunTime:0.000842s ]
SQL: SELECT `id`,`url` FROM `onethink_menu` WHERE ( `pid` = 122 ) AND ( `hide` = 0 )  [ RunTime:0.000530s ]
SQL: SELECT `id`,`pid`,`title`,`url`,`tip` FROM `onethink_menu` WHERE ( `group` = '物业管理' ) AND ( `pid` = 122 ) AND ( `hide` = 0 ) ORDER BY sort asc  [ RunTime:0.000535s ]
SQL: SHOW COLUMNS FROM `onethink_repairs` [ RunTime:0.003942s ]
SQL: UPDATE `onethink_repairs` SET `name`='大神',`tel`='12121212211',`address`='大声道',`title`='发达胜多负少',`content`='粉色是防守打法',`sn`='bx1502417841',`time`=1502417841,`status`=0 WHERE ( `id` = 20 ) [ RunTime:0.047550s ]

[ 2017-08-11T10:37:44+08:00 ] ::1 /Onethink/index.php?s=/Admin/Repair/edit/id/20.html
SQL: SHOW COLUMNS FROM `onethink_menu` [ RunTime:0.023668s ]
SQL: SELECT * FROM `onethink_menu` WHERE ( `pid` = 0 ) AND ( `hide` = 0 ) ORDER BY sort asc  [ RunTime:0.000588s ]
SQL: SELECT `id` FROM `onethink_menu` WHERE ( url like '%Repair/edit%' ) LIMIT 1   [ RunTime:0.000454s ]
SQL: SHOW COLUMNS FROM `onethink_menu` [ RunTime:0.003881s ]
SQL: SELECT `id`,`pid`,`title` FROM `onethink_menu` WHERE ( id=125 ) LIMIT 1   [ RunTime:0.000462s ]
SQL: SELECT `id`,`pid`,`title` FROM `onethink_menu` WHERE ( id=123 ) LIMIT 1   [ RunTime:0.000422s ]
SQL: SELECT `id`,`pid`,`title` FROM `onethink_menu` WHERE ( id=122 ) LIMIT 1   [ RunTime:0.000405s ]
SQL: SELECT DISTINCT  `group` FROM `onethink_menu` WHERE ( pid = 122 )  [ RunTime:0.000716s ]
SQL: SELECT `id`,`url` FROM `onethink_menu` WHERE ( `pid` = 122 ) AND ( `hide` = 0 )  [ RunTime:0.000715s ]
SQL: SELECT `id`,`pid`,`title`,`url`,`tip` FROM `onethink_menu` WHERE ( `group` = '物业管理' ) AND ( `pid` = 122 ) AND ( `hide` = 0 ) ORDER BY sort asc  [ RunTime:0.001101s ]
SQL: SHOW COLUMNS FROM `onethink_repairs` [ RunTime:0.004138s ]
SQL: SELECT * FROM `onethink_repairs` WHERE ( `id` = 20 ) LIMIT 1   [ RunTime:0.001131s ]
INFO: [ view_parse ] --START--
INFO: [ template_filter ] --START--
INFO: Run Behavior\ContentReplace [ RunTime:0.000150s ]
INFO: [ template_filter ] --END-- [ RunTime:0.000198s ]
NOTIC: [8] Undefined variable: id D:\phpStudy\WWW\Onethink\Runtime\Cache\Admin\b3562e7641e9507c2c53133a9b2f3649.php 第 95 行.
INFO: Run Behavior\ParseTemplate [ RunTime:0.009576s ]
INFO: [ view_parse ] --END-- [ RunTime:0.009618s ]
INFO: [ view_filter ] --START--
INFO: Run Behavior\WriteHtmlCache [ RunTime:0.000176s ]
INFO: [ view_filter ] --END-- [ RunTime:0.000204s ]
INFO: [ app_end ] --START--
INFO: Run Behavior\ShowPageTrace [ RunTime:0.000391s ]
INFO: [ app_end ] --END-- [ RunTime:0.000433s ]

[ 2017-08-11T10:37:47+08:00 ] ::1 /Onethink/index.php?s=/Admin/Repair/edit.html
INFO: [ app_begin ] --START--
INFO: Run Behavior\ReadHtmlCache [ RunTime:0.000346s ]
INFO: [ app_begin ] --END-- [ RunTime:0.000634s ]
NOTIC: [2048] Declaration of Admin\Controller\RepairController::delete() should be compatible with Admin\Controller\AdminController::delete($model, $where = Array, $msg = Array) D:\phpStudy\WWW\Onethink\Application\Admin\Controller\RepairController.class.php 第 13 行.
SQL: SHOW COLUMNS FROM `onethink_menu` [ RunTime:0.004898s ]
SQL: SELECT * FROM `onethink_menu` WHERE ( `pid` = 0 ) AND ( `hide` = 0 ) ORDER BY sort asc  [ RunTime:0.000970s ]
SQL: SELECT `id` FROM `onethink_menu` WHERE ( url like '%Repair/edit%' ) LIMIT 1   [ RunTime:0.000644s ]
SQL: SHOW COLUMNS FROM `onethink_menu` [ RunTime:0.003733s ]
SQL: SELECT `id`,`pid`,`title` FROM `onethink_menu` WHERE ( id=125 ) LIMIT 1   [ RunTime:0.000467s ]
SQL: SELECT `id`,`pid`,`title` FROM `onethink_menu` WHERE ( id=123 ) LIMIT 1   [ RunTime:0.000365s ]
SQL: SELECT `id`,`pid`,`title` FROM `onethink_menu` WHERE ( id=122 ) LIMIT 1   [ RunTime:0.000383s ]
SQL: SELECT DISTINCT  `group` FROM `onethink_menu` WHERE ( pid = 122 )  [ RunTime:0.000731s ]
SQL: SELECT `id`,`url` FROM `onethink_menu` WHERE ( `pid` = 122 ) AND ( `hide` = 0 )  [ RunTime:0.000563s ]
SQL: SELECT `id`,`pid`,`title`,`url`,`tip` FROM `onethink_menu` WHERE ( `group` = '物业管理' ) AND ( `pid` = 122 ) AND ( `hide` = 0 ) ORDER BY sort asc  [ RunTime:0.000463s ]
SQL: SHOW COLUMNS FROM `onethink_repairs` [ RunTime:0.003467s ]
SQL: UPDATE `onethink_repairs` SET `name`='大神',`tel`='12121212211',`address`='大声道',`title`='发达胜多负少',`content`='粉色是防守打法',`sn`='bx1502417841',`time`=1502417841,`status`=0 WHERE ( `id` = 20 ) [ RunTime:0.085941s ]

[ 2017-08-11T10:38:26+08:00 ] ::1 /Onethink/index.php?s=/Admin/Repair/edit.html
INFO: [ app_begin ] --START--
INFO: Run Behavior\ReadHtmlCache [ RunTime:0.000349s ]
INFO: [ app_begin ] --END-- [ RunTime:0.000645s ]
NOTIC: [2048] Declaration of Admin\Controller\RepairController::delete() should be compatible with Admin\Controller\AdminController::delete($model, $where = Array, $msg = Array) D:\phpStudy\WWW\Onethink\Application\Admin\Controller\RepairController.class.php 第 13 行.
SQL: SHOW COLUMNS FROM `onethink_menu` [ RunTime:0.021443s ]
SQL: SELECT * FROM `onethink_menu` WHERE ( `pid` = 0 ) AND ( `hide` = 0 ) ORDER BY sort asc  [ RunTime:0.000653s ]
SQL: SELECT `id` FROM `onethink_menu` WHERE ( url like '%Repair/edit%' ) LIMIT 1   [ RunTime:0.000642s ]
SQL: SHOW COLUMNS FROM `onethink_menu` [ RunTime:0.003722s ]
SQL: SELECT `id`,`pid`,`title` FROM `onethink_menu` WHERE ( id=125 ) LIMIT 1   [ RunTime:0.000517s ]
SQL: SELECT `id`,`pid`,`title` FROM `onethink_menu` WHERE ( id=123 ) LIMIT 1   [ RunTime:0.000441s ]
SQL: SELECT `id`,`pid`,`title` FROM `onethink_menu` WHERE ( id=122 ) LIMIT 1   [ RunTime:0.000445s ]
SQL: SELECT DISTINCT  `group` FROM `onethink_menu` WHERE ( pid = 122 )  [ RunTime:0.000621s ]
SQL: SELECT `id`,`url` FROM `onethink_menu` WHERE ( `pid` = 122 ) AND ( `hide` = 0 )  [ RunTime:0.000440s ]
SQL: SELECT `id`,`pid`,`title`,`url`,`tip` FROM `onethink_menu` WHERE ( `group` = '物业管理' ) AND ( `pid` = 122 ) AND ( `hide` = 0 ) ORDER BY sort asc  [ RunTime:0.000613s ]
SQL: SHOW COLUMNS FROM `onethink_repairs` [ RunTime:0.003757s ]

[ 2017-08-11T10:38:34+08:00 ] ::1 /Onethink/index.php?s=/Admin/Repair/edit.html
INFO: [ app_begin ] --START--
INFO: Run Behavior\ReadHtmlCache [ RunTime:0.002539s ]
INFO: [ app_begin ] --END-- [ RunTime:0.002976s ]
NOTIC: [2048] Declaration of Admin\Controller\RepairController::delete() should be compatible with Admin\Controller\AdminController::delete($model, $where = Array, $msg = Array) D:\phpStudy\WWW\Onethink\Application\Admin\Controller\RepairController.class.php 第 13 行.
SQL: SHOW COLUMNS FROM `onethink_menu` [ RunTime:0.022373s ]
SQL: SELECT * FROM `onethink_menu` WHERE ( `pid` = 0 ) AND ( `hide` = 0 ) ORDER BY sort asc  [ RunTime:0.000588s ]
SQL: SELECT `id` FROM `onethink_menu` WHERE ( url like '%Repair/edit%' ) LIMIT 1   [ RunTime:0.000532s ]
SQL: SHOW COLUMNS FROM `onethink_menu` [ RunTime:0.003758s ]
SQL: SELECT `id`,`pid`,`title` FROM `onethink_menu` WHERE ( id=125 ) LIMIT 1   [ RunTime:0.000560s ]
SQL: SELECT `id`,`pid`,`title` FROM `onethink_menu` WHERE ( id=123 ) LIMIT 1   [ RunTime:0.000540s ]
SQL: SELECT `id`,`pid`,`title` FROM `onethink_menu` WHERE ( id=122 ) LIMIT 1   [ RunTime:0.000467s ]
SQL: SELECT DISTINCT  `group` FROM `onethink_menu` WHERE ( pid = 122 )  [ RunTime:0.000623s ]
SQL: SELECT `id`,`url` FROM `onethink_menu` WHERE ( `pid` = 122 ) AND ( `hide` = 0 )  [ RunTime:0.000437s ]
SQL: SELECT `id`,`pid`,`title`,`url`,`tip` FROM `onethink_menu` WHERE ( `group` = '物业管理' ) AND ( `pid` = 122 ) AND ( `hide` = 0 ) ORDER BY sort asc  [ RunTime:0.000541s ]
SQL: SHOW COLUMNS FROM `onethink_repairs` [ RunTime:0.003683s ]
SQL: UPDATE `onethink_repairs` SET `name`='大神',`tel`='12121212211',`address`='大声道',`title`='发达胜多负少',`content`='粉色是防守打法',`sn`='bx1502417841',`time`=1502417841,`status`=0 WHERE ( `id` = 20 ) [ RunTime:0.045305s ]

[ 2017-08-11T10:38:36+08:00 ] ::1 /Onethink/index.php?s=/Admin/Repair/edit.html
INFO: [ app_begin ] --START--
INFO: Run Behavior\ReadHtmlCache [ RunTime:0.000566s ]
INFO: [ app_begin ] --END-- [ RunTime:0.000967s ]
NOTIC: [2048] Declaration of Admin\Controller\RepairController::delete() should be compatible with Admin\Controller\AdminController::delete($model, $where = Array, $msg = Array) D:\phpStudy\WWW\Onethink\Application\Admin\Controller\RepairController.class.php 第 13 行.
SQL: SHOW COLUMNS FROM `onethink_menu` [ RunTime:0.021235s ]
SQL: SELECT * FROM `onethink_menu` WHERE ( `pid` = 0 ) AND ( `hide` = 0 ) ORDER BY sort asc  [ RunTime:0.000829s ]
SQL: SELECT `id` FROM `onethink_menu` WHERE ( url like '%Repair/edit%' ) LIMIT 1   [ RunTime:0.000708s ]
SQL: SHOW COLUMNS FROM `onethink_menu` [ RunTime:0.004575s ]
SQL: SELECT `id`,`pid`,`title` FROM `onethink_menu` WHERE ( id=125 ) LIMIT 1   [ RunTime:0.000748s ]
SQL: SELECT `id`,`pid`,`title` FROM `onethink_menu` WHERE ( id=123 ) LIMIT 1   [ RunTime:0.000580s ]
SQL: SELECT `id`,`pid`,`title` FROM `onethink_menu` WHERE ( id=122 ) LIMIT 1   [ RunTime:0.000494s ]
SQL: SELECT DISTINCT  `group` FROM `onethink_menu` WHERE ( pid = 122 )  [ RunTime:0.000667s ]
SQL: SELECT `id`,`url` FROM `onethink_menu` WHERE ( `pid` = 122 ) AND ( `hide` = 0 )  [ RunTime:0.000472s ]
SQL: SELECT `id`,`pid`,`title`,`url`,`tip` FROM `onethink_menu` WHERE ( `group` = '物业管理' ) AND ( `pid` = 122 ) AND ( `hide` = 0 ) ORDER BY sort asc  [ RunTime:0.000533s ]
SQL: SHOW COLUMNS FROM `onethink_repairs` [ RunTime:0.003879s ]
SQL: UPDATE `onethink_repairs` SET `name`='大神',`tel`='12121212211',`address`='大声道',`title`='发达胜多负少',`content`='粉色是防守打法',`sn`='bx1502417841',`time`=1502417841,`status`=2 WHERE ( `id` = 20 ) [ RunTime:0.055355s ]
SQL: SHOW COLUMNS FROM `onethink_action` [ RunTime:0.013439s ]
SQL: SELECT * FROM `onethink_action` WHERE ( `name` = 'update_repairs' ) LIMIT 1   [ RunTime:0.002163s ]

[ 2017-08-11T10:38:38+08:00 ] ::1 /Onethink/index.php?s=/Admin/Repair/index.html
SQL: SHOW COLUMNS FROM `onethink_menu` [ RunTime:0.036524s ]
SQL: SELECT * FROM `onethink_menu` WHERE ( `pid` = 0 ) AND ( `hide` = 0 ) ORDER BY sort asc  [ RunTime:0.000822s ]
SQL: SELECT `id` FROM `onethink_menu` WHERE ( url like '%Repair/index%' ) LIMIT 1   [ RunTime:0.001991s ]
SQL: SHOW COLUMNS FROM `onethink_menu` [ RunTime:0.005156s ]
SQL: SELECT `id`,`pid`,`title` FROM `onethink_menu` WHERE ( id=122 ) LIMIT 1   [ RunTime:0.000543s ]
SQL: SELECT DISTINCT  `group` FROM `onethink_menu` WHERE ( pid = 122 )  [ RunTime:0.000746s ]
SQL: SELECT `id`,`url` FROM `onethink_menu` WHERE ( `pid` = 122 ) AND ( `hide` = 0 )  [ RunTime:0.000500s ]
SQL: SELECT `id`,`pid`,`title`,`url`,`tip` FROM `onethink_menu` WHERE ( `group` = '物业管理' ) AND ( `pid` = 122 ) AND ( `hide` = 0 ) ORDER BY sort asc  [ RunTime:0.000654s ]
SQL: SHOW COLUMNS FROM `onethink_repairs` [ RunTime:0.004107s ]
SQL: SELECT COUNT(*) AS tp_count FROM `onethink_repairs` WHERE ( `status` >= 0 ) AND ( `name` LIKE '%%' ) LIMIT 1   [ RunTime:0.001826s ]
SQL: SELECT `id`,`sn`,`name`,`tel`,`address`,`title`,`content`,`time`,`status` FROM `onethink_repairs` WHERE ( `status` >= 0 ) AND ( `name` LIKE '%%' ) ORDER BY id desc LIMIT 0,10   [ RunTime:0.000791s ]
INFO: [ view_parse ] --START--
INFO: [ template_filter ] --START--
INFO: Run Behavior\ContentReplace [ RunTime:0.000179s ]
INFO: [ template_filter ] --END-- [ RunTime:0.000244s ]
INFO: Run Behavior\ParseTemplate [ RunTime:0.011898s ]
INFO: [ view_parse ] --END-- [ RunTime:0.011965s ]
INFO: [ view_filter ] --START--
INFO: Run Behavior\WriteHtmlCache [ RunTime:0.000238s ]
INFO: [ view_filter ] --END-- [ RunTime:0.000272s ]
INFO: [ app_end ] --START--
INFO: Run Behavior\ShowPageTrace [ RunTime:0.001236s ]
INFO: [ app_end ] --END-- [ RunTime:0.001291s ]

